
**** cmR:CHANGELOGS ****
da81767 : update changelog <ZION959> 66 minutes ago
 
**** cmR:CMRemix ****
4c2c347 : track cmremix's CyanogenMod Hardware Abstraction Framework <ZION959> 4 days ago
d4d17e0 : track CMRemix/android_hardware_broadcom_libbt <ZION959> 3 months ago
d0d9ec2 : track cmremix's qcom/keymaster <ZION959> 3 months ago
36e8840 : revert: update DragonTC repo <ZION959> 4 months ago
b18e96e : update DragonTC repo <ZION959> 4 months ago
e161758 : track cmremix"s deskclock and lockclock <ZION959> 4 months ago
9f664c9 : track cmremix's bluetooth friends <ZION959> 4 months ago
c2397ad : revert: Update API for Keyguard and Statubar Weather [3/3] <ZION959> 4 months ago
05aec29 : Update to _r43 <Metin> 4 months ago
c9f8151 : Update API for Keyguard and Statubar Weather [3/3] <ZION959> 4 months ago
d4890ec : revert: track cmremix's bluetooth and friend <ZION959> 4 months ago
369424d : track system/bt <ZION959> 4 months ago
df1c923 : track cmremix's bluetooth family <ZION959> 4 months ago
423c9f3 : track ndk <ZION959> 4 months ago
4d28eaf : manifest: Add Weather Underground weather provider service sample. <ZION959> 5 months ago
c707371 : default.xml: cm: Update to 6.0.1_r30 <Jessica Wagantall> 5 months ago
711aa7d : Add json-c for 8996 builds <Scott Mertz> 5 months ago
e862d92 : default: Move HAL repos to their own manifest snippet <ZION959> 5 months ago
b34b96f : track cmremix sabermod arm-eabi-7.0 <ZION959> 5 months ago
1215e09 : track cmremix's jemalloc <ZION959> 5 months ago
4ac1897 : use clang 3.9 branch for prebuilt/ndk and frameworks/rs <ZION959> 5 months ago
459f460 : LLS: Add live lock screen service [4/4] <d34d> 5 months ago
a5aa9df : track cmremix's packages/providers/MediaProvider <ZION959> 5 months ago
355f44f : revert: revert: track external/chromium-webview <ZION959> 5 months ago
50571f8 : revert: track external/chromium-webview <ZION959> 5 months ago
da5dc4f : revert: track cmremix external/v8 <ZION959> 5 months ago
3863b28 : track cmremix external/v8 <ZION959> 5 months ago
18e7f2e : track cm packages/apps/TvSettings <ZION959> 5 months ago
e530c2e : track external/chromium-webview <ZION959> 5 months ago
b394599 : Track cmremix's external_DUtils & packages_apps_DUI <ZION959> 6 months ago
dc9956e : revert external/chromium-webview <ZION959> 6 months ago
62c39a7 : revert: track cm vendor <ZION959> 6 months ago
c2b9c18 : android-6.0.1_r13 -> android-6.0.1_r17 <Jessica Wagantall> 6 months ago
7356f96 : manifest: Fork dalvik to CM. <Adnan Begovic> 6 months ago
a554e56 : track cm vendor <ZION959> 6 months ago
04fc7ce : Remove projects that do not have any files and last commit was more than two years old. <Xin Li> 7 months ago
812b95b : track cmremix's packages_apps_Messaging <ZION959> 6 months ago
cf3ec33 : another derp fixed <ZION959> 6 months ago
01efcb5 : derp fixed <ZION959> 6 months ago
855b4c2 : track cmremix's PackageInstaller & nfc <ZION959> 6 months ago
443086d : trck cmremix's libcore & chromium-webview <ZION959> 6 months ago
b6cdd11 : track cmremix's DragonTC_3.9 <ZION959> 7 months ago
67329fa : track cmremix'S frameworks_opt_net_wifi <ZION959> 7 months ago
1f4e742 : track cmremix's sqlite <ZION959> 7 months ago
aab21a8 : track cmremix's OmniStyle <ZION959> 7 months ago
bbc5947 : update manifest <ZION959> 7 months ago
c99fb49 : android-6.0.1_r10 -> android-6.0.1_r13 <zeeshanhussain> 7 months ago
4675fa7 : track cmremix external/sepolicy <ZION959> 7 months ago
b372447 : update new change for cmremix <ZION959> 7 months ago
92914fb : track cmremix packages_inputmethods_LatinIME <ZION959> 7 months ago
 
**** github:CMRemix/android_device_samsung_trlte-common ****
d5c5f4a : trlte-common: Use generic extract scripts <ZION959> 4 days ago
 
**** github:CMRemix/android_device_samsung_trltetmo ****
cafa331 : trltetmo: Use generic extract scripts <ZION959> 4 days ago
 
**** github:CMRemix/android_device_samsung_trltexx ****
e72e2b2 : trltexx: Use generic extract scripts <ZION959> 6 hours ago
 
**** cmR:android_frameworks_av ****
bdb54da : libstagefright: mtk: Use vendor extensions to check if we should fixup cropping <Diogo Ferreira> 5 days ago
 
**** cmR:android_frameworks_base ****
7deacf8 : revert: RF cutback feature for SAR <ZION959> 2 hours ago
7739a09 : [1/3] base: make overlay permission check configurable <mweninge> 5 weeks ago
cadec20 : connectivity-service: fix/improve unique hostname <Alexander Wuerstlein> 3 days ago
288a53e : Ensure DHCP requests have nonempty hostnames <Alexander Wuerstlein> 6 days ago
 
**** cmR:android_frameworks_opt_telephony ****
d659988 : revert:RF cutback feature for SAR to fixed signal issue on trlte varients <ZION959> 2 hours ago
4092816 : Telephony: fix SMS NPE <Roman Birg> 3 weeks ago
 
**** github:CyanogenMod/android_hardware_qcom_display ****
08b30db : hwc: Fix MDP comp array index access <Arun Kumar K.R> 12 months ago
17b8f5e : Fix duplicate copy file rules <Dan Willemsen> 6 months ago
602d41a : display: Do not use GNU old-style field designators <Arne Coucheron> 6 days ago
 
**** github:CMRemix/android_kernel_samsung_trlte ****
c270bc1 : firmware_class: Fix firmware_loading_timeout usage of jiffies <AdrianDC> 4 months ago
ee6cc75 : Fix CONFIG_HZ dependency in wifi driver. <andip71> 4 months ago
5fb1be1 : setup: fix wifi for G variant <Pafcholini> 2 hours ago
4cc389c : ARM: dts: apq8084: fix idle-timeout to 80ms from 8ms <Patrick Tjin> 6 months ago
6eb9151 : msm: kgsl: Fix direct references to HZ <Ajay Dudani> 9 months ago
c9e82fc : arm: configs: trlte: set CONFIG_HZ to 300 <Patrick Tjin> 7 months ago
a54df08 : mmc: move to a SCHED_FIFO thread <Tim Murray> 8 months ago
d99da49 : dm-verity: run in a WQ_HIGHPRI workqueue <Patrick Tjin> 7 months ago
625b71b : dm-crypt: run in a WQ_HIGHPRI workqueue <Tim Murray> 8 months ago
8007189 : msm: null pointer dereferencing <Wish Wu> 9 months ago
64bf2bd : cpufreq: Initial CPU utilization should be 0 <Stratos Karafotis> 2 years, 8 months ago
fce7f48 : cpufreq: qcom-cpufreq: Check return of cpufreq_frequency_get_table <Junjie Wu> 1 year ago
11fc23a : mdss: mdp: Set completion if backlight level is zero <Gopikrishnaiah Anandan> 1 year, 2 months ago
05b7b8f : msm: vidc: disable CPU L2 cache PC during video sessions <Manikanta Sivapala> 10 months ago
e9bf800 : qseecom: Remove core affinity requirement when loading external elf files <Puneet Mishra> 1 year, 2 months ago
7fee58f : sound_control: Lock Output Gain active by default <placiano> 5 months ago
0df0ba4 : sound_control: clean up <Pafcholini> 5 months ago
cdc43d8 : Makefile: update gcc compile optimizations <ZION959> 6 hours ago
949908b : power: quickwakeup: initial driver <ZION959> 6 hours ago
71e9bea : block: Update sio to sioplus iosched & zen <ZION959> 6 hours ago
96d98af : cpufreq: impulse: tuning and burning values into governor <ZION959> 6 months ago
8a468a2 : add missing earlysuspend.h <ZION959> 6 months ago
f73dc28 : msm: mdss: Adding lcd notifier <ZION959> 7 months ago
19f5411 : add few governors <ZION959> 6 months ago
cc396ca : msm: Add MSM Hotplug driver <ZION959> 6 months ago
897f9d6 : drivers/cpufreq/cpu-boost: Allow input boost code to be excludable in defconfig (yank555) <ZION959> 6 months ago
07d4220 : scripts: remove localversion "+" & "-dirty" from kernel version strings <ZION959> 6 months ago
9dcb82b : android: binder: use GPF_HIGHUSER flag since binder is designed for userspace <Paul Reioux> 1 year, 6 months ago
12d4d38 : msm: kgsl: show current power level since 8974 uses duplicate frequencies in its table, it's not possible to tell which of the duplicates is actually in use <Paul Reioux> 1 year, 3 months ago
55c49a6 : use franco shamu interactive <ZION959> 7 months ago
230a09d : tweak interactive <ZION959> 7 months ago
63011a2 : cpufreq: Prevent mpdecision changing scaling freq <Pranav Vashi> 1 year, 5 months ago
3d3e351 : pinctrl: msm: fix potential NULL pointer dereference Fix potential NULL pointer dereference with NULL checks. <Pafcholini> 1 year, 5 months ago
d637dda : MDNIE Lite Control <ZION959> 7 months ago
6416bdf : Currently, ondemand calculates the target frequency proportional to load using the formula: <Stratos Karafotis> 2 years, 2 months ago
0345c21 : msm: memutils: memcpy, memmove optimization <Hong-Mei Li> 3 years, 2 months ago
3ea1958 : Force Fast Charge v1.2 <ZION959> 6 hours ago
5117096 : revert: Force Fast Charge [ktoonsez] <ZION959> 7 months ago
757e069 : zram: LZ4 as default compressor <placiano> 1 year, 5 months ago
6fb6a7b : zswap: runtime enable/disable <ffolkes> 1 year ago
a10a50a : zram: default to 4 devices, with 4 compression streams <placiano> 12 months ago
b03851c : mm/zswap: avoid unnecessary page scanning <Weijie Yang> 2 years, 10 months ago
3793d60 : mm/zswap.c: get swapper address_space by using macro <Sunghan Suh> 3 years ago
eabe03d : Fixed compiler error after zram and zsmalloc ported from linux 3.15 mainline <halaszk> 1 year, 8 months ago
481f7b8 : ZSALLOC: ported zsmalloc.h to our kernel <halaszk> 1 year, 8 months ago
eb90e6b : zram backporting: remove iterator <flar2> 1 year, 10 months ago
724074d : zram: fix incorrect stat with failed_reads <Chao Yu> 2 years ago
56ab7bf : zram: replace global tb_lock with fine grain lock <Weijie Yang> 2 years, 1 month ago
0eebfcd : zram: use size_t instead of u16 <Minchan Kim> 2 years, 1 month ago
61e6b30 : zram: remove unused SECTOR_SIZE define <Sergey Senozhatsky> 2 years, 1 month ago
 
**** github:CyanogenMod/android_packages_apps_AudioFX ****
cf02e9a : AudioFXTests: remove key sign warning <Roman Birg> 4 days ago
 
**** github:CyanogenMod/android_packages_apps_Gallery2 ****
0304394 : Gallery2: Fix no android.permission.INTERACT_ACROSS_USERS in guest mode. <yongga> 8 months ago
 
**** cmR:android_packages_apps_PackageInstaller ****
808efc8 : [3/3] PackageInstaller: make overlay permission check configurable <mweninge> 5 weeks ago
 
**** cmR:android_packages_apps_Settings ****
ddf7bc5 : [2/3] Settings: make overlay permission check configurable <mweninge> 3 hours ago
1ac45a4 : fixed build error "ColorPickerPreference cannot be resolved to a type" <ZION959> 3 hours ago
0c6b5ef :  HALO: Add shortcut to Floating Windows preference <mydongistiny> 4 hours ago
bc5a904 : Settings: Add option to Enable/Disable Halo Button in Header [2/2] <Varun Date> 4 hours ago
ddd3e35 : Settings: Configurable Header Text Shadow [2/2] (Raienryu97) <ZION959> 5 hours ago
 
**** github:CyanogenMod/android_packages_apps_ThemeChooser ****
f40ac25 : Move actions in theme card to overflow menu <Bharadwaj Narasimha> 4 days ago
7e4390f : ThemeChooser: set untranslatable <Joey Rizzoli> 2 days ago
550e88b : Fall cleaning <d34d> 5 days ago
 
**** cmR:android_packages_services_Telephony ****
617878e : revert: Wifi HOTSPOT receiver to handle RF cutback <ZION959> 2 hours ago
 
**** cmR:android_system_core ****
c00328f : libutils: fix deadlock in elapsedRealtimeNano <Scott Mertz> 6 days ago
 
**** github:CyanogenMod/android_vendor_cm ****
756ec88 : cm: charger: Center capacity and vertical offset <Michael W> 3 weeks ago
 
**** cmR:cm_platform_sdk ****
d73e341 : cmsdk: fix visible check in hasChanged <Roman Birg> 4 days ago
 
