
**** github:CMRemix/android_device_samsung_trlte-common ****
7421e2e : revert: trlte: switch to TimeKeep <ZION959> 15 hours ago
 
**** cmR:android_frameworks_base ****
7d50747 : fixed system ui fc (derp) <ZION959> 3 minutes ago
 
**** cmR:packages_apps_OmniStyle ****
5349f6a : OmniStyle: guard all the things <maxwen> 5 months ago
fafac73 : OmniStyle: add creator meta data for header packs <maxwen> 5 months ago
a96c670 : OmniStyle: no padding for ListView bottom <maxwen> 5 months ago
e3cd094 : OmniStyle: header pack config enhancements [2/2] <maxwen> 5 months ago
ab15f06 : OmniStyle: Add Weezle weather icons <mydongistiny> 12 months ago
74e59ad : OmniStyle: Add Marshmallow weather icons <mydongistiny> 1 year, 1 month ago
1c1f616 : omnistyle: add back weather icons <mydongistiny> 5 months ago
85e40ac : Change header image(s) layout <Alex Cruz> 6 months ago
fa00075 : OmniStyle: add header browse activity [3/3] <maxwen> 6 months ago
6c6ec38 : OmniStyle: add Wavvy headers - thanks to Travis Hall <maxwen> 6 months ago
dae516b : OmniStyle: use omnirom app icon <maxwen> 6 months ago
2bdffef : omnistyle: remove weather icons <mydongistiny> 6 months ago
e8b1173 : OmniStyle: Add Screwd headers <mydongistiny> 1 year, 3 months ago
330da6c : OmniStyle: image update <maxwen> 1 year, 4 months ago
9fe1961 : OmniStyle: update poly headers <maxwen> 1 year, 4 months ago
ecd964e : OmniStyle: add random nature header pck <maxwen> 1 year, 4 months ago
 
**** cmR:android_packages_apps_Settings ****
31779cc : Custom logos ,Bring it Back[2/2] <Varun Date> 8 months ago
 
**** github:LineageOS/cm_platform_sdk ****
ec5debf : revert: Keyguard: Get your weather on... the lock screen [2/3] <ZION959> 2 hours ago
 
