
**** cmR:CHANGELOGS ****
e7123dd : NEW <ZION959> 66 seconds ago
 
**** cmR:android_build ****
8cead08 : format system partition before install rom <ZION959> 2 hours ago
 
**** github:CMRemix/android_device_samsung_trlte-common ****
e92d3b1 : update bootanimation size for cmremix rom <ZION959> 40 minutes ago
36b96da : trlte-common: prepared new camera for N <ZION959> 3 hours ago
f41db31 : trlte-common: use cm gps <ZION959> 3 hours ago
b4cc40f : set lcd density to 460 dpi <ZION959> 24 hours ago
3b0a7ec : trlte-common: Use generic extract scripts <ZION959> 8 months ago
 
**** cmR:android_frameworks_base ****
6edc29e : Return: Smart Pulldown [1/2][Squashed] <Lars Greiss> 2 years, 5 months ago
b53f2c5 : revert: Not allowing foreground services to be cleared as children <ZION959> 22 hours ago
a0e6300 : Base : Add more lockscreen shortcut custom icons Part2 <westcripp> 2 years, 3 months ago
 
**** github:CMRemix/android_kernel_samsung_trlte ****
e572c37 : Update QCOM MHI driver <Juha Inkinen> 4 months ago
ad747c6 : msm: thermal: only start working 10s into the Kernel init process <franciscofranco> 2 years, 3 months ago
70b7baf : msm: thermal: stay throttled for at least a full 1 second to prevent unecessary ups/downs and decrease the number of get(put)_online_cpus() calls (which are a bit expensive) <franciscofranco> 2 years, 3 months ago
0946d36 : msm: thermal: use my simple thermal driver (original skeleton is from Qcom) <franciscofranco> 2 years, 3 months ago
0e69167 : thermal-core: Fix to send correct trip type to get trip temperature <Ram Chandrasekar> 3 years, 3 months ago
3bcd3d4 : thermal: tsens: Add NULL pointer check for id <Dipen Parmar> 3 years, 2 months ago
3dd172c : thermal: tsens: Fix TSENS Upper/Lower IRQ type <Siddartha Mohanadoss> 2 years, 5 months ago
c812d63 : thermal: update temp <Pafcholini> 11 months ago
58cd086 : msm_thermal: change temp_threshold <Pafcholini> 11 months ago
7cf3aa8 : thermal: fix limited_max_freq being undefined or out of range <imoseyon> 2 years, 2 months ago
1a1fa37 : cpufreq/thermal: frequency mitigation preventer V2 <imoseyon> 2 years, 2 months ago
e4bca11 : msm: thermal: add a module param to change the thermal throttle temperature point to userspace <franciscofranco> 2 years, 4 months ago
e316d0e : msm_thermal: add rt.h <Pafcholini> 11 months ago
d01f76a : msm: thermal: Proceed thermal late init only if probe is successful <Shiju Mathew> 2 years, 6 months ago
007f381 : thermal: msm: Remove early init from board file <Dipen Parmar> 3 years, 4 months ago
3227aad : msm: thermal: Check temperature only if probed <myfluxi> 2 years, 9 months ago
dfb9c23 : msm: thermal: Add RT priority to kernel hotplug thread <Shiju Mathew> 2 years, 5 months ago
59d0e61 : msm: thermal: Store temperature of tsens on kernel panic notification <Anji Jonnala> 2 years, 8 months ago
18b1e73 : msm8x84: update kernel header for msm video <fattire> 9 weeks ago
68a0109 : msm: vidc: Send resolution along with output buffer <Maheshwar Ajja> 2 years, 9 months ago
a1ab06b : ss_vibrator: Make sysfs compatible with CMHW <Paul Keith> 7 months ago
3e2962b : HID: wiimote: use cached battery values on I/O failure <David Herrmann> 4 years ago
c49d503 : kernel: Restrict permissions of /proc/iomem. <Biswajit Paul> 2 years, 3 months ago
22389ee : tcp: make challenge acks less predictable <Eric Dumazet> 10 months ago
c54d516 : shmem: fix nlink for rename overwrite directory <Miklos Szeredi> 2 years, 8 months ago
f46c313 : splice: Apply generic position and size checks to each write <Ben Hutchings> 2 years, 3 months ago
2ca5e57 : ppp, slip: Validate VJ compression slot parameters completely <Ben Hutchings> 1 year, 6 months ago
eaa98ed : fs: Add a missing permission check to do_umount <Andy Lutomirski> 2 years, 7 months ago
3ebb5fa : battery: be more AOSP-friendly <ZION959> 8 months ago
e95ca00 : net: validate the range we feed to iov_iter_init() in sys_sendto/sys_recvfrom <Al Viro> 2 years, 2 months ago
732375e : netfilter: x_tables: make sure e->next_offset covers remaining blob size <Florian Westphal> 1 year, 2 months ago
600edfe : lib/asn1_decoder.c: kernel-doc warning fix <Fabian Frederick> 2 years, 11 months ago
de42e17 : KEYS: potential uninitialized variable <Dan Carpenter> 11 months ago
292f78c : USB: usbfs: fix potential infoleak in devio <Kangjie Lu> 1 year ago
a322047 : ppp: take reference on channels netns <Guillaume Nault> 1 year, 2 months ago
9870778 : netfilter: x_tables: check for size overflow <Florian Westphal> 1 year, 2 months ago
49b0e73 : ALSA: timer: Fix leak in SNDRV_TIMER_IOCTL_PARAMS <Kangjie Lu> 1 year ago
bf6bea1 : ipv4: Don't do expensive useless work during inetdev destroy. <David S. Miller> 1 year, 2 months ago
5e0552c : USB: cdc-acm: more sanity checking <Oliver Neukum> 1 year, 2 months ago
1a3c462 : usbnet: cleanup after bind() in probe() <Oliver Neukum> 1 year, 2 months ago
d7a7861 : ALSA: hrtimer: Fix stall by hrtimer_cancel() <Takashi Iwai> 1 year, 4 months ago
33ed0f9 : ALSA: timer: Harden slave timer list handling <Takashi Iwai> 1 year, 4 months ago
c0c368d : ALSA: timer: Fix race among timer ioctls <Takashi Iwai> 1 year, 4 months ago
74d7b16 : ALSA: timer: Fix double unlink of active_list <Takashi Iwai> 1 year, 4 months ago
197d3a6 : ALSA: usb-audio: avoid freeing umidi object twice <Andrey Konovalov> 1 year, 3 months ago
d88b06e : pipe: Fix buffer offset after partially failed read <Ben Hutchings> 1 year, 3 months ago
0eb0ddc : KEYS: Fix race between read and revoke <David Howells> 1 year, 5 months ago
b6d76aa : fuse: break infinite loop in fuse_fill_write_pages() <Roman Gushchin> 1 year, 7 months ago
8e86ddb : net: add length argument to skb_copy_and_csum_datagram_iovec <Sabrina Dubroca> 1 year, 7 months ago
3dec80c : net: llc: use correct size for sysctl timeout entries <Sasha Levin> 2 years, 4 months ago
 
**** cmR:android_packages_apps_Settings ****
20cf3a9 : Settings:Integrate Kernel Adiutor in Settings Dashboard <varund7726> 4 hours ago
6e331a1 : LockScreen Weather Settings & Imrpovements [2/2] <XXMrHyde> 4 hours ago
ac8db9c : StatusBar Weather {SQUASHED} [2/2] <Davor Bertovic> 4 hours ago
91f3b1f : Settings:  On-The-Go Mode (2/2) <Alexander Martinz> 4 hours ago
884a682 : we use new seekbar now <ZION959> 4 hours ago
1376411 : Settings: MettricsContants APPLICATION TO CMREMIX <ZION959> 21 hours ago
82bc02d : Settings:Import Things From CMParts Into CMRemix Configurations <Steve Kondik> 23 hours ago
725c553 : Settings:Add Back Network Traffic AutoHide Threshold <Nico60> 23 hours ago
fe10d4d : {SQUASHED}Settings: Add Back all Clock Customizations from M <Janson Kang> 23 hours ago
1542d35 : Settings:Add clock/date in recents while in fullscreen mode (2/2) <Davor Bertovic> 23 hours ago
5fc645b : Return: Smart Pulldown [2/2] <Lars Greiss> 23 hours ago
7976cc3 : QS: Add toggle for fancy QS animation [2/2] <beanstown106> 23 hours ago
77801d0 : FixUp & Cleanups <ZION959> 23 hours ago
ade821b : Max Lockscreen Notification count [2/2] <beanstown106> 8 months ago
18dcd10 : Disable Lockscreen Media Art [2/2] <beanstown106> 23 hours ago
b87b442 : Data tile: make it customizable by the user [2/2] <ezio84> 23 hours ago
2d5a236 : Longpress back to kill app [2/2] <zephiK> 23 hours ago
a71a834 : OtherSounds: Disable/Enable screenshot sound [2/2] <htchoi1995> 23 hours ago
2593782 : LS clock fonts: Add more fonts (1/2) <Davor Bertovic> 1 year, 4 months ago
ce609ad : Lockscreen Clock Widget Fonts [2/2] <Alex> 23 hours ago
2d8ba97 : Quick settings: Add Haptic Feedback to tiles [2/2] <Alexander Martinz> 24 hours ago
909a69f : Fingerprint authentication vibration [2/2] <beanstown106> 24 hours ago
f95f828 : Keyguard statusbar clock [2/2] <Alex> 24 hours ago
4d9ce49 : Hide Lockscreen clock & date [2/2] <Alex> 24 hours ago
80b3e1e : DSLV: Resize system icons to match vector drawable size <fusionjack> 1 year, 11 months ago
f6c34ab : Lockscreen shortcuts improvements 1/2 <rogersb11> 1 year, 5 months ago
e740061 : dslv: Remove add icon. We already have a FAB <mydongistiny> 1 year, 5 months ago
9b68749 : Settings :Add new lockscreen shortcus icons <westcripp> 1 year, 5 months ago
88bc97e : dslv: Bring in FAB for Lockscreen Shortcuts <mydongistiny> 1 year, 6 months ago
49d1948 : Slim DSLV improvement <XXMrHyde> 1 year, 8 months ago
c805f3d : [squash] Settings: add user configurable lockscreen shortcuts (2/2) <dankoman> 4 months ago
ae11ec8 : Settings: Materialize DSLV <Lars Greiss> 2 years, 5 months ago
fcacd01 : add dslv controller <Lars Greiss> 3 years, 6 months ago
237ec67 : Settings: add central slim ActionListViewSettings class back... <Lars Greiss> 4 months ago
612c49b : add battery bar fragment <ZION959> 25 hours ago
 
