
**** cmR:CHANGELOGS ****
47bfca9 : update 7-7-2017 <ZION959> 3 days ago
 
**** github:CMRemix/android_device_samsung_trlte-common ****
d927f61 : trlte-common: add vibrator intensity settings <ZION959> 4 hours ago
 
**** cmR:android_frameworks_base ****
bf3a439 : frameworks/base: Don't report existing menu key if it was remapped. [2/3] <Kyrylo Mikos> 2 years, 7 months ago
8615214 : Buttons: Bring up hardware key action binding framework [1/2] <Randall Rushing> 1 year, 5 months ago
7b82efd : revert: Add gestures control [3/4] <ZION959> 88 minutes ago
b1b20ca : revert: [Base] HW keys tweaks (1/2) <ZION959> 2 hours ago
cd4b136 : Base: make button backlight light up user configurable [1/2] <Varun Date> 12 hours ago
6d565cc : Fix a crashed when clicking list item and button meanwhile <gaoshang> 7 weeks ago
32923fb : Camera2: Fix Error Callback if buffer lost. <Shukla Mradul> 6 weeks ago
43f2f51 : [ams]set the resultTo to null started by a finishing activity <yangbingqian> 7 weeks ago
4198ab2 : remove the lock-use for prunePrintService in case blocking main thread <yangbingqian> 4 weeks ago
ddb647d : Move screen on message to new thread <zhoulei> 3 weeks ago
e1cc6c0 : FlashlightTile: Retry opening camera later on if it failed before <Anas Karbila> 3 weeks ago
7d930b5 : hwui: Remove deprecated compiler flag <nicknitewolf> 5 months ago
1f1277c : SystemUI: move time tick to bg handler <huiwan> 6 weeks ago
e5f3bb5 : SmartBar: make button longpress delay configurable [2/3] <ezio84> 12 days ago
8654961 : [1/2] Add support for pulsing battery icon when charging <MSF-Jarvis> 6 days ago
0fae551 : revert: revert: Fix SystemUI FC on Dynamic Density Change <ZION959> 2 hours ago
aa7b34bd : revert: revert: Fix SystemUI FC due to Google Assistant <ZION959> 2 hours ago

**** cmR:android_frameworks_base ****
c66fea4 : revert: Add gestures control [3/4] <ZION959> 22 hours ago
862852d : Buttons: Hardware key disable support with M adaptations [1/2] <bigrushdog> 15 hours ago
4dcaffc : frameworks/base: Don't report existing menu key if it was remapped. [2/3] <Kyrylo Mikos> 2 years, 7 months ago
3d0b493 : Buttons: Bring up hardware key action binding framework [1/2] <Randall Rushing> 1 year, 5 months ago
38aac02 : revert: [Base] HW keys tweaks (1/2) <ZION959> 22 hours ago

