
**** cmR:CHANGELOGS ****
c6c181c : update changelog 12-30-2016 <ZION959> 3 hours ago
 
**** cmR:android_frameworks_base ****
0d52f5d : GA = Fix size of close button drawables <westcripp> 1 year, 5 months ago
767d76b : GA: Materialize close button and improve layout (squashed) <westcripp> 1 year, 8 months ago
382f831 : FWB: Gesture Anywhere - bring it back [1/2] <0xD34D> 2 hours ago
3a6fc80 : FWB:Add Network Traffic Missing Import & Fix Arrow Hiding <Nico60> 4 months ago
dc72b39 : Remove dashboard tile summaries [2/2] <Alex> 4 months ago
90f0fbc : Hide arrows in network traffic indicators [1/2] <Nico60> 11 months ago
399a70b : Disable dashboard suggestions [2/2] <Alex> 4 months ago
d31c2f3 : Immersive Recents [1/2] <Alex> 4 months ago
75d6d43 : Add interpolators to qs tiles animation [1/2] <Nico60> 7 months ago
fcebf9d : Add animations to quick settings tiles [1/2] <Nico60> 8 months ago
3d9fe74 : FWBase: Add 7 more power menu animations [1/2] <westcripp> 12 months ago
d6f1afc : Get the reboot menus to follow power menu animations previously merged <Alex Cruz> 1 year ago
0ba6e7d : Rotation anim to Power and reboot menu [1/2] <LorDClockaN> 1 year ago
78e8ca2 : Power Menu animations [1/2] <Mazda> 2 hours ago
f5b5d8a : Include color picker, (1/2) <XXMrHyde> 1 year, 2 months ago
a36906d : Add Necesarry Imports for Color Picker <rogersb11> 2 hours ago
0bcacdf : Make Network traffic meter smaller <Petr kecinzer Řezníček> 2 years ago
034cd15 : TrafficMeter: fix monitor visibility when wifi or mobile data is disabled <Mahdi-Rom> 2 years, 4 months ago
b1a5530 : TrafficMeter: fix auto hiding when Bytes is set as the unit <Mahdi-Rom> 2 years, 5 months ago
353fcc8 : [1/2] TrafficMeter: added option for auto-hiding on inactivity <Mahdi-Rom> 2 years, 5 months ago
90af2ce : [1/2] Base: Upgrade network traffic meter [Haus1] <ZION959> 2 hours ago
5fab30c : [1/2] SystemUI: Update network traffic indicator <Jon Haus> 3 years ago
23a1ef3 : [1/2] SystemUI: Network speed indicator <htchoi1995> 2 hours ago
1e06aef : Simplify getting total memory: <Shaun> 1 year, 4 months ago
 
**** cmR:android_packages_apps_Settings ****
1a2db80 : fixed build error <ZION959> 3 minutes ago
e27ac08 : Color picker: Update animations and small improvements: <XXMrHyde> 6 months ago
e23b9d6 : Color picker: Use a fragment instead of a dialog: <XXMrHyde> 6 months ago
9cae3c7 : No comment <XXMrHyde> 7 months ago
37060a9 : Color picker: Improve color previews and -buttons: <XXMrHyde> 7 months ago
d6a5730 : Color picker: Update reset color values and titles handling <XXMrHyde> 7 months ago
9d044a5 : Color picker: Rework <XXMrHyde> 9 months ago
7075b45 : Color picker: Use a circle shape for the color preview <XXMrHyde> 9 months ago
d1d8bb1 : Include color picker, (2/2): <XXMrHyde> 1 year, 2 months ago
f87ca00 : Settings: Remove old color picker <mydongistiny> 1 year, 2 months ago
53d6b23 : Color picker: Enable alpha slider as default <westcripp> 1 year, 8 months ago
cda1d0e : Improve color picker: <XXMrHyde> 56 minutes ago
f35981c : Color Picker for future use. <mydongistiny> 63 minutes ago
620d97f : Added modded margaritov color picker <Lars Greiss> 65 minutes ago
a0499fd : [SQUASHED]SeekBarPreferenceCham: Expand with buttons <LorDClockaN> 67 minutes ago
d862306 : Settings: add SeekBarPreference <0xD34D> 69 minutes ago
2b7910f : Settings: network traffic meter <Altaf-Mahdi> 78 minutes ago
 
**** cmR:android_vendor_CMRemix ****
aa58a06 : tools: fixed device name <ZION959> 3 hours ago
 
