
**** cmR:android_build ****
9e18751 : core: move platform-specific helper macros to target makefiles <Dan Pasanen> 2 days ago
8022369 : build: Replace pushd with cd <Luca Stefani> 4 days ago
d79ef4b : lunch: Use cd - instead of popd <Luca Stefani> 8 days ago
382cef5 : envsetup: Tweak nested executed commands <Matt Mower> 8 days ago
557a76d : envsetup: Combine nested else; if into elif in check_product() <Matt Mower> 8 days ago
916c88c : build: core: Rebrand CM_VERSION to LINEAGE_VERSION <Zhao Wei Liew> 9 days ago
c26742d : build: support lineage device trees <Simon Shields> 13 days ago
4243fcc : core: finish using PRIVATE_RECOVERY_OUT rather than hard-coding "RECOVERY" <Dan Pasanen> 11 days ago
e8c5197 : Revert "Revert "Revert "Add PRODUCT_BOOTANIMATION""" <Zhao Wei Liew> 11 days ago
8a2e400 : core: we're now lineage <Dan Pasanen> 3 weeks ago
1304762 : NMF26V <gitbuildkicker> 4 weeks ago
e98b48f : NMF26U <gitbuildkicker> 4 weeks ago
741d0af : NMF26U <gitbuildkicker> 4 weeks ago
7e8e52f : NMF26U <gitbuildkicker> 4 weeks ago
36e4dae : NMF26T <The Android Automerger> 5 weeks ago
66eb7cc : NMF69 <gitbuildkicker> 5 weeks ago
b2dccb4 : Revert Security String to December <Adam Seaton> 5 weeks ago
373adac : NMF26S <gitbuildkicker> 5 weeks ago
1988cd3 : NMF26R <gitbuildkicker> 6 weeks ago
cbb44f2 : Updating Security String to 2017-01-05 on nyc-dev <Adam Seaton> 8 weeks ago
ec0073a : Updating Security String to 2017-01-01 on nyc-dev <Adam Seaton> 8 weeks ago
6fe5e98 : NMF62 <gitbuildkicker> 6 weeks ago
 
**** github:CMRemix/android_device_lge_v20-common ****
59fe8fa : v20-common: remove lteOnCdmaDevice from system.prop <Kasual> 9 days ago
a61655c : v20: cm -> lineage <Matt Filetto> 5 days ago
499095a : v20: cleanup some telephony related overlays <Matt Filetto> 10 days ago
758a297 : v20: Build libvolumelistener <Rashed Abdel-Tawab> 2 weeks ago
7a1659b : v20: Update tethering overlays and cleanup config.xml <Rashed Abdel-Tawab> 2 weeks ago
9db673f : v20: Add colorservice apk <Rashed Abdel-Tawab> 2 weeks ago
caaabcd : v20: Pin vendor/lib64/libsecureui.so and remove 32bit secureUI <Rashed Abdel-Tawab> 2 weeks ago
e131a27 : v20: Update telephony blobs and move to QCPATH guard <Rashed Abdel-Tawab> 2 weeks ago
52e3908 : v20: update auto-brightness curve to match LG v20 <Matt Filetto> 2 weeks ago
c3765bb : v20: update mixer paths to stock <Matt Filetto> 2 weeks ago
9d3190a : v20: update props <Matt Filetto> 11 days ago
6f1ff34 : v20: use HWC1 for now as it fixes LiveDisplay <Matt Filetto> 2 weeks ago
033f218 : v20: remove unused path for tap-to-wake <Matt Filetto> 2 weeks ago
0d5643f : v20: remove liblight <Matt Filetto> 11 days ago
b706a46 : v20: remove LED overlay options as we don't have any <Matt Filetto> 2 weeks ago
6ceba60 : v20: Change offloading buffer size to 64kb <Rashed Abdel-Tawab> 2 weeks ago
28833ef : v20: Set media.camera.ts.monotonic for video recording <Rashed Abdel-Tawab> 2 weeks ago
91c3e64 : v20: Force snap to use camera API2 <Rashed Abdel-Tawab> 2 weeks ago
bd801a2 : v20: Bulk camera prop updates <Rashed Abdel-Tawab> 2 weeks ago
 
**** github:CMRemix/android_device_qcom_common ****
9e514ea : extractors: Add msm8996 32bit libmm-disp-apis and libmm-qdcm <Rashed Abdel-Tawab> 24 hours ago
9f615d1 : extractors: Update msm8996 graphics blobs info <Rashed Abdel-Tawab> 25 hours ago
 
**** github:LineageOS/android_external_icu ****
5d54fde : docs: Fixing bad unicode sequence in Javadocs. <Andrew Solovay> 3 months ago
 
**** github:LineageOS/android_external_zlib ****
b666691 : Revert "Upgrade to zlib 1.2.10." <Narayan Kamath> 5 days ago
b934bc0 : Upgrade to zlib 1.2.10. <Alexander Martinz> 8 days ago
 
**** cmR:android_frameworks_av ****
7a17a62 : Revert "Revert "Stagefright: Allow setting high-framerates in CameraSource"" <Michael Bestas> 4 weeks ago
321ea52 : Fix security vulnerability: Effect command might allow negative indexes <rago> 8 weeks ago
453b351 : Make VBRISeeker more robust <Marco Nelissen> 8 weeks ago
26965db : Effects: Check get parameter command size <Andy Hung> 9 weeks ago
7a3246b : DO NOT MERGE: defensive parsing of mp3 album art information <Ray Essick> 10 weeks ago
c66c43a : Fix security vulnerability: Equalizer command might allow negative indexes <rago> 2 months ago
781bd81 : stagefright: remove allottedSize equality check in IOMX::useBuffer <Lajos Molnar> 3 months ago
557bd7b : Visualizer: Check capture size and latency parameters <Andy Hung> 3 months ago
 
**** cmR:android_frameworks_base ****
fb1dd08 : derp fixed <ZION959> 25 minutes ago
98b1350 : Tethering: Fix number of device connected <Benjamin Legrand> 12 months ago
8f7df53 : SystemUI: Remove unused string <Michael Bestas> 2 days ago
c463c36 : Remove leftover power menu profile resources <Michael Bestas> 11 months ago
e1247c3 : core: Fix camel case <Michael Bestas> 2 days ago
8faece0 : SystemUI: remove 'hide clock' option from clock position tunable <Hendrik Hagendorn> 4 weeks ago
24fa38d : [QUICK SETTINGS] Add CMREMIX metrics constant for Quick settings tiles <ZION959> 4 days ago
a74272f : [QUICK SETTINGS] Add metrics constant for Quick settings tiles <Alex Cruz> 3 months ago
fe19f17 : REVERT: Brightness slider option and add DU's icon hiding option <tsubus> 3 months ago
9c21b26 : Remove SystemUI tests, now I can mmm the bastard <LorDClockaN> 3 months ago
57e99e0 : QSBrighnessIcon: Make it show in notification panel <LorDClockaN> 3 months ago
b2610c6 : Quick settings: Option to disable brightness slider (1/2) <Altaf-Mahdi> 3 months ago
084c731 : base: show again qs brightness mode toggle <maxwen> 3 months ago
5913a66 : fb: less notifications sound (1/2) <Lars Greiss> 3 months ago
5b7a9b5 : Add Restart SystemUI to reboot menu <LorDClockaN> 3 months ago
9ddfc8d : Show icons of only background apps in Toasts <Marcel Dopita> 3 months ago
8c2dc05 : ADB always notify (1/2) <SpiritCroc> 3 months ago
9a58389 : derp <ZION959> 4 days ago
a014b6b : Catch runtime exceptions when parsing DHCP packets <Hugo Benichi> 3 months ago
0041a76 : Zygote : Block SIGCHLD during fork. <Narayan Kamath> 9 weeks ago
423a70c : Fix idmap leak in zygote process <neo.chae> 2 months ago
296f6d5 : Zygote: Additional whitelisting for legacy devices. <Narayan Kamath> 9 weeks ago
6b650e8 : Zygote: Additional whitelists for runtime overlay / other static resources. <Narayan Kamath> 4 months ago
47e62b7 : Public volumes belong to a single user. <Jeff Sharkey> 2 months ago
47e81a2 : Add SafetyNet logging to DHCP packet parsing <Hugo Benichi> 3 months ago
 
**** cmR:android_frameworks_native ****
675e212 : Fix SF security vulnerability: 32660278 <Fabien Sanglard> 9 weeks ago
e5753ba : Fix integer overflow in unsafeReadTypedVector <Casey Dahlin> 3 months ago
 
**** github:LineageOS/android_hardware_qcom_audio ****
d414d15 : hal: Dynamically load the correct path for HUAWEI_SOUND_PARAM_PATH <Christopher R. Palmer> 3 days ago
 
**** github:LineageOS/android_hardware_qcom_audio ****
95ccc85 : policy_hal: Fix mismerges <Luca Stefani> 4 weeks ago
b24ef94 : audio policy: fix capture indication to sound trigger service. <Eric Laurent> 3 months ago
3f05588 : audio policy: fix media volume after ringtone <Eric Laurent> 3 months ago
1e29be0 : Revert "hal: Add abstraction for soundtrigger session" <Steve Kondik> 9 weeks ago
8c2743e : hal: Don't try to record using 3-mic unless we mean it <Steve Kondik> 4 months ago
a8490ea : hal: Haxed header <Steve Kondik> 6 months ago
ab64a44 : audio: Fix flac offload not working <Keith Mok> 1 year, 1 month ago
bd04719 : hal: Fix build with HDMI disabled <Steve Kondik> 6 months ago
f4e5f48 : audio: Fix complilation warnings under Clang <Steve Kondik> 6 months ago
1394524 : msm8996: fix werror when AUDIO_FEATURE_ENABLED_DTS_EAGLE is enabled <Chao Chen> 7 months ago
04ed235 : audio: Extend platform parser to allow device name aliasing <Ethan Chen> 2 years, 4 months ago
326d03c : hal: post_proc: enabled / disable volume listener based on prop <vivek mehta> 12 months ago
966b853 : hal: Support the audio amplifier hook <Daniel Hillenbrand> 3 years, 8 months ago
284d304 : hal: Allow building hardware audio encoders <Arne Coucheron> 2 years ago
7d10d9a : audio: Use direct project pathmap <Ethan Chen> 2 years, 2 months ago
dcd704b : Compilation fix: N-MR1 merge <Lalit Kansara> 5 weeks ago
93ce286 : policy-hal: Restrict trck offload for fractional sample rate <Sharad Sangle> 7 weeks ago
fd54f3b : policy_hal: Fix check for direct pcm <Ashish Jain> 8 weeks ago
fba7022 : policy_hal: Add support to identify direct pcm client. <Ashish Jain> 2 months ago
ca482c7 : Revert "hal: fix no sound issue in voice call" <Karthik Reddy Katta> 9 weeks ago
65874e6 : hal: fix noise heard in single song repeat mode <Haynes Mathew George> 4 months ago
23b2b27 : audio: configs: Enable Dolby feature <Sharad Sangle> 8 weeks ago
b86a76d : hal: handle CLANG errors for Dolby <Sharad Sangle> 3 months ago
bd4097c : Add Dolby cflags to policy_hal/Android.mk <Gao Jie> 3 months ago
d8ed731 : Fix potential overflow in Visualizer effect <rago> 5 months ago
a661510 : hal: Fix for a native crash in select_devices <Aditya Bavanari> 3 months ago
5974402 : post proc : volume listener : fix effect release crash <Eric Laurent> 1 year, 1 month ago
4daeaaa : DO NOT MERGE Fix AudioEffect reply overflow <Andy Hung> 9 months ago
b05cf0e : audiopolicy: Avoid spurious routing in APM::stopSource <Naresh Tanniru> 4 months ago
edcd282 : titanium: audio: set DMIC2 for secondary mic on QRD 8953 <kunleiz> 4 months ago
cbefcbf : hal: add 8920 entry in hw_info <Xiaojun Sang> 4 months ago
a17cc89 : hal: fix input validation errors <Preetam Singh Ranawat> 4 months ago
db5ef7b : hal: add speaker protection params for external codec <Laxminath Kasam> 5 months ago
6d26898 : hal: refine conditional logic when device connected/disconnected <yidongh> 4 months ago
715678e : policy_hal: add bitrate restriction for wma/wma_pro/wma_lossless <yidongh> 5 months ago
10f6017 : hal: add speaker protection params for external codec <Laxminath Kasam> 5 months ago
dad47a3 : DO NOT MERGE Fix AudioEffect reply overflow <Andy Hung> 9 months ago
ca20fe5 : hal: Fix input validation error <Preetam Singh Ranawat> 5 months ago
15d5e94 : configs: msmcobalt: update mixer controls for headphones <Vidyakumar Athota> 5 months ago
bad9079 : configs: msmcobalt: Add mixer controls for headphones playback <Phani Kumar Uppalapati> 5 months ago
944b920 : audio:msmcobalt: update mixer path to support headphone quality mode <Patrick Lai> 6 months ago
3ed95b8 : configs: msmcobalt: update backend name for ANC headphone devices <Vidyakumar Athota> 5 months ago
032248a : audio: cobalt: configs: Update configs to enable APE/ALAC SW Decs <Garmond Leung> 5 months ago
26fddef : hal: fix voice call mute with concurrent hifi playback <Sidipotu Ashok> 5 months ago
8026698 : hal: Add perf lock only during device switch <Sudheer Papothi> 5 months ago
493f289 : hal: enable sidetone after voice call usecase routing <Vidyakumar Athota> 5 months ago
6f97b00 : audio:msmcobalt: Add Compress passthrough support for DSD <Preetam Singh Ranawat> 6 months ago
0d50378 : audio: update mixer paths for no-irq mode <Haynes Mathew George> 6 months ago
63f47a3 : hal: msmcobalt: update mixer controls for speaker protected device <Sudheer Papothi> 5 months ago
d84fd6a : hal: Refactor HDMI backend configuration <Ashish Jain> 6 months ago
 
**** github:LineageOS/android_hardware_qcom_audio ****
5e95ac2 : hal: Additional checks for dedicated VOIP input <Matt Mower> 3 months ago
 
**** github:LineageOS/android_hardware_qcom_audio ****
becbb2f : hal: Dynamically load the correct path for HUAWEI_SOUND_PARAM_PATH <Christopher R. Palmer> 3 days ago
 
**** github:LineageOS/android_hardware_qcom_audio ****
ed79f2c : Fix security vulnerability: Effect command might allow negative indexes <rago> 8 weeks ago
d72ea85 : Fix security vulnerability: Equalizer command might allow negative indexes <rago> 2 months ago
 
**** github:LineageOS/android_hardware_qcom_bootctrl ****
06fba05 : bootctl: use TARGET_RECOVERY_UPDATER_LIBS macro for linking <Dan Pasanen> 11 days ago
 
**** github:LineageOS/android_hardware_qcom_display ****
3dfb72a : sdm: Always include kernel headers <Steve Kondik> 3 months ago
3c389e0 : Fix duplicate copy file rules <Dan Willemsen> 11 months ago
5ab047e : display: Cleanup flags <Rashed Abdel-Tawab> 4 months ago
381813d : Don't build lights module if vendor supplies it <Steve Kondik> 2 years, 2 months ago
8908ec8 : display: Use project pathmap <Ethan Chen> 2 years, 2 months ago
c389835 : libmemtrack: Revert back the AOSP copyright years to 2013 <Hareesh Gundu> 4 weeks ago
821a952 : libmemtrack: Revert back the AOSP copyright years to 2013 <Hareesh Gundu> 4 weeks ago
e40aaa8 : libmemtrack: fix ion memory tracking <Santhosh Punugu> 2 months ago
91893f4 : sdm: Fix infinite frame invalidates during camera bandwidth mode change. <Namit Solanki> 3 months ago
991bba0 : sdm: Issue two null commits for command mode panels <Anjaneya Prasad Musunuri> 9 weeks ago
9c08f1f : sdm: Force flush on primary when external displays are connected <Anjaneya Prasad Musunuri> 2 months ago
a3762af : sdm: Avoid flush for command mode panels <Anjaneya Prasad Musunuri> 3 months ago
f002b39 : sdm : Allow configurable sdm layer limit for external <Namit Solanki> 4 months ago
a296ab7 : sdm : Reset cached auto_refresh_ variable during suspend. <Namit Solanki> 3 months ago
6362750 : qdMetadata: Fix potential memory leak in copyMetaData <Baldev Sahu> 4 months ago
967d021 : qdutils: Add VT timestamp to the metadata <Naseer Ahmed> 5 months ago
f9fe7dc : qdutils: Provide a way to reset MetaData key <Prabhanjan Kandula> 5 months ago
cf33667 : hwc: Get solid-fill color from HWC Dim Layer <Sushil Chauhan> 6 months ago
694e4b3 : sdm: Add property to define max video upscaling limit. <Dileep Marchya> 5 months ago
6f1512e : sdm: color-manager: Frame capture interface. <Alan Kwong> 5 months ago
6b62ce6 : sdm: Correct time calculation logic <Sravan Kumar D.V.N> 5 months ago
f229e15 : HWC: Do not set Primary's powermode for Virtual Display <Pullakavi Srinivas> 5 months ago
e592004 : sdm: core: Handle ESHUTDOWN error from fb driver <Rajesh Yadav> 5 months ago
f8d5f82 : Revert "gralloc: Return an error if the buffer was not mapped" <Naseer Ahmed> 5 months ago
14a1fc6 : sdm: Add support for adaptive variable refresh feature <Ramkumar Radhakrishnan> 6 months ago
9d68cdf : sdm: Add support to query display port information. <Ramkumar Radhakrishnan> 7 months ago
ae1179c : sdm: color-manger: hw interface for PA dither. <Alan Kwong> 6 months ago
68a58cf : sdm: color-manager: IGC V3 implementation. <Alan Kwong> 7 months ago
e1534f2 : sdm: Add factory methods for HWInterface object creation <Saurabh Shah> 6 months ago
c4c6e2d : sdm : Add QTI_BSP flag to disable rotation animation. <Namit Solanki> 6 months ago
6995cc9 : sdm: hwc: Fix CPU hint toggling issue <Rajesh Yadav> 6 months ago
46204e3 : gralloc: Set default CSC to 601 <Pullakavi Srinivas> 6 months ago
2deefa4 : sdm: Add new line character to mode string <Anjaneya Prasad Musunuri> 6 months ago
e7014a3 : sdm: Fix lint error <Ramkumar Radhakrishnan> 6 months ago
2976276 : sdm: Fix return value of DynLib::Open method. <Dileep Marchya> 6 months ago
536c7d6 : sdm: hwc2: Enable SolidFill <Arun Kumar K.R> 7 months ago
7d2543b : hwc: cwb: Fix typo causing incorrect variable usage <Saurabh Shah> 6 months ago
13e3040 : sdm: Enable only required events in poll. <Anjaneya Prasad Musunuri> 6 months ago
a1f37b1 : sdm: Fix Dynamic frame rate issue <Manoj Kumar AVM> 6 months ago
57b9ae2 : sdm: Reconfigure display on SetRefreshRate <Manoj Kumar AVM> 6 months ago
1de4ac3 : sdm: Fix dynamic refresh rate setting during S3D video playback. <Ramkumar Radhakrishnan> 6 months ago
d77d054 : sdm: Add binder support to force set HDMI framerate <feifanz> 8 months ago
e076bf1 : sdm: Power on HDMI panel when pluged in <feifanz> 7 months ago
7a86b84 : gralloc: Return an error if the buffer was not mapped <Naseer Ahmed> 8 months ago
1cc99c3 : sdm: Add mode chose for dynamic framerate switch <feifanz> 7 months ago
c644266 : display-hal: Exclude HWC libs compilation. <Pullakavi Srinivas> 7 months ago
2a00854 : sdm: Close current file stream. <Dileep Marchya> 7 months ago
c84dc1b : sdm: Replace dynamic arrays with vectors. <Dileep Marchya> 7 months ago
9bc1a78 : libgralloc: Enable UBWC output buffers for Writeback displays <Jeykumar Sankaran> 1 year, 1 month ago
c29803d : sdm: Refactor locking in Display* classes <Saurabh Shah> 7 months ago
 
**** github:LineageOS/android_hardware_qcom_display ****
12980ba : hwc2: Only set display_width and display_height when equal to zero <Rashed Abdel-Tawab> 7 days ago
420f0a1 : hwc2: Handle empty lists in AcceptDisplayChanges <Naseer Ahmed> 3 months ago
46ff2a6 : msm8996: hwc2: check for null layers in layer map <Steve Pfetsch> 3 months ago
bb2d518 : hwc2 : Fix layer updating flag <Naseer Ahmed> 4 months ago
db11764 : gralloc: Return an error if the buffer was not mapped <Naseer Ahmed> 8 months ago
b6284a2 : Revert "Revert "gralloc: Default to 601 color space"" <Courtney Goeltzenleuchter> 4 months ago
3a95498 : hwc2: Workaround use after free by surfaceflinger <Naseer Ahmed> 5 months ago
b2ba26f : hwc2: Update composition types on AcceptDisplayChanges <Naseer Ahmed> 5 months ago
8ad5b82 : Revert "gralloc: Default to 601 color space" <Steve Pfetsch> 5 months ago
4845057 : gralloc: Disable UBWC for writeback buffers <Naseer Ahmed> 5 months ago
f2225c8 : hwc2: Initialize color mode to native <Naseer Ahmed> 5 months ago
6b50329 : hwc2 : Allow only top most cursor layer <Naseer Ahmed> 6 months ago
57f81b6 : Revert "gralloc: Return an error if the buffer was not mapped" <Eino-Ville Talvala> 6 months ago
7a794ad : hwc2: Fix solid fill <Naseer Ahmed> 6 months ago
1cff9c5 : sdm:hwc2: Store higher order mode id in case of clash <Naseer Ahmed> 6 months ago
4fddd51 : gralloc: Return an error if the buffer was not mapped <Naseer Ahmed> 8 months ago
4c94a81 : hwc2: Fix retire fences <Naseer Ahmed> 6 months ago
d0b819c : hwc2: Always store a release fence if a layer is presented <Naseer Ahmed> 6 months ago
47fb16d : hwc2: Use current frames retire fence only for the primary <Naseer Ahmed> 6 months ago
81b1d0b : 8996/HWC2: Return this frame's retire fence <Dan Stoza> 6 months ago
c71ad4a : hwc2: Remove default mode application at boot. <Naseer Ahmed> 6 months ago
74c49b7 : hwc2: Support HWC2_CAPABILITY_SKIP_CLIENT_COLOR_TRANSFORM <Naseer Ahmed> 6 months ago
c389835 : libmemtrack: Revert back the AOSP copyright years to 2013 <Hareesh Gundu> 4 weeks ago
e40aaa8 : libmemtrack: fix ion memory tracking <Santhosh Punugu> 2 months ago
91893f4 : sdm: Fix infinite frame invalidates during camera bandwidth mode change. <Namit Solanki> 3 months ago
991bba0 : sdm: Issue two null commits for command mode panels <Anjaneya Prasad Musunuri> 9 weeks ago
9c08f1f : sdm: Force flush on primary when external displays are connected <Anjaneya Prasad Musunuri> 2 months ago
a3762af : sdm: Avoid flush for command mode panels <Anjaneya Prasad Musunuri> 3 months ago
f002b39 : sdm : Allow configurable sdm layer limit for external <Namit Solanki> 4 months ago
a296ab7 : sdm : Reset cached auto_refresh_ variable during suspend. <Namit Solanki> 3 months ago
6362750 : qdMetadata: Fix potential memory leak in copyMetaData <Baldev Sahu> 4 months ago
 
**** github:LineageOS/android_hardware_qcom_media ****
64e0fc1 : mm-video: Disable proprietary extension <Steve Kondik> 3 months ago
becaa72 : venc: Fix VQZip issue <Steve Kondik> 5 months ago
d322c9f : vidc: Fix makefiles <Steve Kondik> 1 year, 9 months ago
0e5dd32 : media: Avoid collision with FFMPEG plugin <Steve Kondik> 2 years, 8 months ago
671cbd6 : media: Use project pathmap <Ethan Chen> 1 year, 11 months ago
ab14ba5 : mm-video-v4l2: Add support for AllocateNativeHandle extension <Manikanta Kanamarlapudi> 3 months ago
a6aaddf : mm-video-v4l2: vdec: Dont reset clocks if clocks requested turbo <Abdulla Anam> 4 months ago
b4832b6 : mm-video-v4l2: Add openmax interface to disable PQ <Vikash Garodia> 3 months ago
b78251f : mm-video-v4l2: vidc: venc: Optimize PQ init <Saurabh Kothawade> 4 months ago
02aae9d : mm-video : check input before allocating memory to filename <Anubhav Phukan> 3 months ago
cf3aedf : mm-video : corrects dumping logic <Anubhav Phukan> 3 months ago
21c6de2 : mm-video: swvenc: Set color format properly for different buffer types. <Manikanta Sivapala> 4 months ago
70c38a7 : swvenc : Sanitize buffer to native colorformat <Manikanta Sivapala> 3 months ago
a943e10 : mm-video-v4l2: vdec: Disallow input usebuffer for secure case <Praveen Chavan> 4 months ago
6151dc4 : swvenc : Sanitize buffer to native colorformat <Manikanta Sivapala> 3 months ago
199c624 : mm-video-v4l2: vdec: Change preferred color format default order <Arun Menon> 1 year, 2 months ago
3911a28 : mm-video-v4l2: venc: Remove support of temporal layers <Abdulla Anam> 3 months ago
930fec8 : mm-video: Return proper errror for unsupported flexi color format. <Manikanta Sivapala> 4 months ago
30cd1f2 : mm-video-v4l2: Fix issue with extradata handling <Surajit Podder> 4 months ago
44cd728 : mm-video-v4l2: vidc: venc: Remove unspported Levels <Praneeth Paladugu> 8 months ago
2b5c955 : mm-video-v4l2: Update max level at baseline profile to 5.2 <Surajit Podder> 4 months ago
a896cb2 : mm-video: remove hevc sw decoder and encoder files <Manikanta Sivapala> 4 months ago
6256970 : media: video: Remove idle legacy code <Vikash Garodia> 4 months ago
60a0cb9 : mm-video-v4l2: vdec: Disallow changing buffer modes/counts on allocated ports <Praveen Chavan> 5 months ago
47cf719 : mm-video-v4l2: venc: Disallow changing buffer count/size on allocated port <Praveen Chavan> 5 months ago
7a6a983 : mm-video: swvenc: Return proper error for unsupported config types. <Manikanta Sivapala> 4 months ago
a9cb51d : mm-video-v4l2: vdec: Disallow changing buffer modes/counts on allocated ports <Praveen Chavan> 5 months ago
687261d : mm-video-v4l2: venc: Disallow changing buffer count/size on allocated port <Praveen Chavan> 5 months ago
394e985 : mm-video: Handle buffers for surface encode properly. <Manikanta Sivapala> 4 months ago
d2579fc : mm-core: Define shared params between Video and Camera <Manikanta Sivapala> 5 months ago
170bbc7 : mm-video-v4l2: Maximum Supported Size for MPEG4 Encoder <Anubhav Phukan> 4 months ago
78c206a : mm-video-v4l2: vidc: vdec: modify mpeg2 EOS ts in arbitrary mode <Qiwei Liu> 5 months ago
6dd52b6 : mm-video-v4l2: venc: Add null check for handle <Abdulla Anam> 4 months ago
d670565 : mm-video-v4l2: venc: Avoid release_meta_buffer call for batchmode <Abdulla Anam> 5 months ago
ab601a5 : mm-video-v4l2: vdec: Update framesize only from valid buffers <Abdulla Anam> 5 months ago
5afe665 : mm-video-v4l2: vdec: Fix memory leak in secure wfd usecase. <Abdulla Anam> 5 months ago
438e563 : mm-video-v4l2: vidc: venc: Enable PQ in batch-mode <Saurabh Kothawade> 5 months ago
369d775 : mm-video-v4l2: vidc: venc: Fix PQ issues <Amit Shekhar> 5 months ago
1e57bb9 : mm-video-v412: vidc: venc: Enable PQ for UBWC input <Amit Shekhar> 5 months ago
7e777a1 : mm-video-v4l2: vidc: venc: Add Adaptive QP support <Amit Shekhar> 5 months ago
552884b : mm-video-v4l2: Reset linear format on buffer <Surajit Podder> 5 months ago
2dc2793 : mm-video-v4l2: vdec: Update framesize only from valid buffers <Abdulla Anam> 5 months ago
a50974a : mm-video-v4l2: venc: Use proper v4l2_control for H263 GOB <Abdulla Anam> 5 months ago
9cbed77 : mm-video-v4l2: vdec: Avoid switching color format in handle_extradata <Abdulla Anam> 5 months ago
442e819 : mm-core:add muxer component to support mux feature <Deng Zhao> 6 months ago
a6e2ca3 : mm-video-v4l2: venc: Configure intra preriod for HEVC <Praveen Chavan> 7 months ago
b55cc30 : media: update to new OMX layering structs <Praveen Chavan> 6 months ago
1dd4d63 : mm-video-v4l2: venc: add support for encoding temporal layers <Praveen Chavan> 9 months ago
116c533 : mm-video-v4l2: vidc: fix matching of extension strings <Praveen Chavan> 10 months ago
2d1c8ec : mm-video-v4l2: vidc: Fix read/write colorspace from/to gralloc-handle <Praveen Chavan> 6 months ago
 
**** github:LineageOS/android_packages_apps_Browser ****
b565222 : Search engines: Add DuckDuckGo FR <nailyk-fr> 4 days ago
 
**** github:LineageOS/android_packages_apps_Calendar ****
cdfc529 : Calendar: String improvements <Michael Bestas> 2 days ago
 
**** github:LineageOS/android_packages_apps_ContactsCommon ****
d47661a : resolve merge conflicts of 9f523b4 to nyc-dev <Walter Jang> 9 weeks ago
 
**** github:LineageOS/android_packages_apps_Messaging ****
f5b8d0f : Messaging: String improvements <Michael Bestas> 2 days ago
 
**** cmR:android_packages_apps_Settings ****
76b145f : add missing string for other sound settings <ZION959> 46 minutes ago
ed7ef67 : Add switch for hiding qs panel brightness slider <camcory> 3 months ago
b203f7f : AE: Option to Disable Brightness Icon In Brightness Slider [2/2] <Varun> 3 months ago
32ef7a5 : ADB always notify (2/2) <SpiritCroc> 3 months ago
e5c26f8 : settings: less notifications sound (2/2) <Lars Greiss> 3 months ago
5a44214 : Add Haptic Feedback to QS tiles [2/2] <Evisceration> 3 months ago
ff55d69 : [2/2] settings: add CPU info overlay <Max Weninger> 3 years, 2 months ago
1f4bc69 : Settings: Set root access options appropriately <Tom Marshall> 7 months ago
 
**** github:CMRemix/android_packages_apps_Snap-dual-camera ****
0c0c968 : Snap: debug switching cameras beyond 2 (dual rear cameras) <Christian Frisson> 3 months ago
3f92dde : Snap: Remove storage menu if no external storage available <maxwen> 8 months ago
da58793 : Add PREVENT_POWER_KEY to fix Crash when using 'Power Shutter' <Afshin Arani> 6 days ago
2064b85 : Snap: make openLegacy an option <codeworkx> 3 weeks ago
1a7d451 : Snap: update caf icons <Joey Rizzoli> 4 weeks ago
d58b217 : Snap: prevent NPE when checking if controls are visible <Joey Rizzoli> 4 weeks ago
c2427aa : Always set JPEG quality. <Danny Baumann> 6 weeks ago
95b4bc9 : Initialize focus manager in onResume(). <Danny Baumann> 6 weeks ago
f29da12 : Modernize look of review controls. <Danny Baumann> 6 weeks ago
e600930 : Clean up module switcher. <Danny Baumann> 6 weeks ago
a62bda4 : Stop data loader on activity destroy. <Danny Baumann> 6 weeks ago
7bcdf0a : Improve RTL layout behaviour. <Danny Baumann> 6 weeks ago
2bf3a05 : Use transparent navigation bar. <Danny Baumann> 6 weeks ago
3acc722 : Use material versions of share/delete/edit icons. <Danny Baumann> 6 weeks ago
1e7ddd0 : Fix some photo UI layout issues. <Danny Baumann> 6 weeks ago
5586581 : Snap: Fix blatant UI string issues <Zhao Wei Liew> 7 weeks ago
e8e541a : snap: Panorama fixes <Steve Kondik> 7 weeks ago
272f70b : snap: Fix bottom bar layout <Steve Kondik> 7 weeks ago
83b2bea : Snap: Remove obsolete xxhdpi scene mode drawables <Zhao Wei Liew> 7 weeks ago
697d765 : Fix mismatched scene mode arrays. <Danny Baumann> 7 weeks ago
17ba73b : Snap: Make developer menu more accessible <Michael Bestas> 5 months ago
51b7561 : Revert "snap: Provide a way to remove Snap from the build" <Zhao Wei Liew> 7 weeks ago
5438ae1 : snap: Fix reset of camera controls <Steve Kondik> 7 weeks ago
8b61208 : CameraNext: Update focus behavior for panoramas <Jim Wilson> 1 year, 2 months ago
b7da154 : Make panorama able to go 270 degrees in landscape <Martin Brabham> 1 year, 2 months ago
d175476 : Grant read URI permission for playback of video capture <Alan Newberger> 8 months ago
06b5459 : CameraNext: stop updating the pano progress bar on pause <Scott Mertz> 8 months ago
379e3bd : CropActivity: notify MediaScanner on save complete <Khalid Zubair> 8 months ago
b3bff03 : Fix broken filenames for cropped images <Khalid Zubair> 8 months ago
fe77d16 : Show UI when pano stitch starts and remove cancel condition <Artem Shvadskiy> 7 months ago
99e47e6 : CameraNext: don't crash when pref is not boolean <Keith Mok> 7 months ago
60d4b81 : CameraNext: Fallback to do copy exif if exif not exist <Keith Mok> 7 months ago
00e8c21 : snap: Fix preview overlays <Steve Kondik> 7 weeks ago
aac246e : snap: Fix build <Steve Kondik> 7 weeks ago
76b587c : snap: Improve the histogram <Steve Kondik> 8 weeks ago
1041bf6 : Remove unused menu indicators code. <Danny Baumann> 12 months ago
40b496a : snap: Remove dividers from menu <Steve Kondik> 8 weeks ago
80b47c2 : snap: Improve transitions <Steve Kondik> 8 weeks ago
605a3aa : snap: Don't build tests unless requested <Steve Kondik> 8 weeks ago
4977a83 : snap: Check for null when setting up the focus callback <Steve Kondik> 8 weeks ago
e003727 : snap: Use new widgets for CaptureUI <Steve Kondik> 8 weeks ago
ee62781 : snap: Clean up Makefile <Steve Kondik> 8 weeks ago
915459d : SnapdragonCamera: Fix ANR during open camera <qimengp> 4 months ago
a0394c5 : SnapdragonCamera: Screen goes black when saving panoramic pictures <weijiew> 4 months ago
14dface : SnapdragonCamera: Pictures were rotated when the device is in flat position <weijiew> 4 months ago
d5211e7 : SnapdragonCamera: resolve front camera preview freeze issue <Jay Wang> 4 months ago
5e049a3 : SnapdragonCamera: ZSL for camera2 <Jack Yoo> 5 months ago
302dfef : snap: UI checkpoint #2 <Steve Kondik> 8 weeks ago
7f04007 : SnapdragonCamera: Fix launchMode to singleTask <mingwax> 3 months ago
9916e1e : snap: Hide overlays early when going to filmstrip <Steve Kondik> 8 weeks ago
 
**** github:LineageOS/android_packages_services_Telecomm ****
9d6a21f : Telecomm: Fix error due to protected broadcast <Michael W> 6 days ago
 
**** github:LineageOS/android_packages_services_Telephony ****
1cdced5 : Catch SIP exceptions which can crash Phone process on answer. <Tyler Gunn> 10 weeks ago
 
**** cmR:android_vendor_CMRemix ****
03c1287 : derp <ZION959> 43 minutes ago
8945f5e : extract_utils: Introduce variable INITIAL_COPYRIGHT_YEAR <Matt Mower> 2 days ago
c6b5c38 : build: core: include platform helper macros in target makefiles <Dan Pasanen> 2 days ago
fb4b8c5 : build: envsetup: Update CAF remote <Zhao Wei Liew> 2 days ago
a63bf95 : build: qcom_target: Define MSM_VIDC_TARGET_LIST <Zhao Wei Liew> 7 days ago
9838ea3 : build: qcom_target: Clean up QCOM_HARDWARE_VARIANT checks <Zhao Wei Liew> 3 days ago
b69c2ff : envsetup: Fix indentation of eat function <Ethan Chen> 9 days ago
046484f : cm: common: Correct indentation <Zhao Wei Liew> 3 days ago
e4c8c82 : build: include lineage releasekey in recovery <Tom Powell> 3 days ago
343b594 : build: remove deprecated recovery keys <Tom Powell> 3 days ago
7021706 : extract_utils: Update smali/backsmali to v2.2b4 <Luca Stefani> 4 days ago
4cf635a : extract_utils: Update backsmali command <Gabriele M> 4 days ago
ed8c248 : envsetup: Fix check for deprecated CM device tree <Matt Mower> 8 days ago
321dde5 : cm: Rebrand CM_VERSION to LINEAGE_VERSION <Zhao Wei Liew> 9 days ago
0a656b6 : tools: getb64key - print the base64 version of a PEM public key file <Ricardo Cerqueira> 3 years, 3 months ago
8d0369c : vendor: Add a task for getting prebuilts via http <Dan Pasanen> 6 weeks ago
2199e55 : cm: Remove root access prop <Zhao Wei Liew> 11 days ago
63ce74b : cm: support lineage device trees <Simon Shields> 13 days ago
63c9392 : Revert "contributors: add LG V10" <Erwan Leboucher> 9 months ago
72313ad : vendor: cm: Add some more BQ maintainers/devices <Brinly Taylor> 4 weeks ago
5d8bdc3 : cm: Switch to LineageOS privacy policy <Zhao Wei Liew> 2 weeks ago
 
**** cmR:cm_platform_sdk ****
c025463 : cmsdk: fix update path for version 7 <Christian Morlok> 2 days ago
5bb06dc : cmsdk: remove 'hide clock' option from clock position tunable <Hendrik Hagendorn> 4 weeks ago
 
**** github:CMRemix/proprietary_vendor_lge ****
164779f : bullhead: update blobs from N4F26I factory image <razorloves> 5 days ago
4fc3800 : cm-14.1_gps_modem_power_voting ls990: Regenerate makefiles <Kasual> 11 days ago
000864c : g5/v20: Simplify BT firmware name <Rashed Abdel-Tawab> 6 days ago
 
