
**** cmR:CMRemix ****
28baf6a : track couple more cmremix repos <ZION959> 13 hours ago
 
**** cmR:android_build ****
6e30780 : build: add Benzo and DragonTC optimization (frap129 &  mydongistiny) <ZION959> 33 hours ago
 
**** cmR:android_frameworks_base ****
12f0903 : SystemUI: Add tunable for auto brightness icon <Michael Bestas> 3 weeks ago
4bb74af : Validate handler of wakelock option for flashlight. <Dominggoes Isakh> 3 weeks ago
3f98df2 : telecom: Fix order of arguments when creating Details object <Gabriele M> 11 days ago
 
**** github:CMRemix/android_kernel_samsung_trlte ****
fd49d01 : wake gestures: make it easy for Kernel Adiutor <Pafcholini> 1 year, 7 months ago
cc5da71 : Wake gesutures: Sweep2wake, Sweep2sleep, DoubleTap2Wake and DoubleTap2Sleep <placiano> 1 year, 1 month ago
b90a0f1 : revert: cpufreq: interactive: add input_boost_freq <ZION959> 1 year, 1 month ago
36d3357 : block: Update sio to sioplus iosched & zen <ZION959> 1 year, 1 month ago
b584fe8 : cpufreq: impulse: tuning and burning values into governor <ZION959> 1 year, 2 months ago
c771d57 : add missing earlysuspend.h <ZION959> 1 year, 2 months ago
7697666 : msm: mdss: Adding lcd notifier <ZION959> 1 year, 3 months ago
185b2e9 : add few governors <ZION959> 1 year, 1 month ago
932f02e : msm: Add MSM Hotplug driver <ZION959> 1 year, 3 months ago
faa78b5 : pinctrl: msm: fix potential NULL pointer dereference Fix potential NULL pointer dereference with NULL checks. <Pafcholini> 2 years, 1 month ago
30a40a6 : network speed tweak [ch33kybutt] <ZION959> 1 year, 3 months ago
788a500 : Currently, ondemand calculates the target frequency proportional to load using the formula: <Stratos Karafotis> 2 years, 11 months ago
e11f99a : Force Fast Charge v1.2 <ZION959> 1 year, 1 month ago
ebc5757 : zram: LZ4 as default compressor <placiano> 2 years, 1 month ago
d903efd : zswap: runtime enable/disable <ffolkes> 1 year, 8 months ago
30844a5 : zram: default to 4 devices, with 4 compression streams <placiano> 1 year, 8 months ago
1f7677e : mm/zswap: avoid unnecessary page scanning <Weijie Yang> 3 years, 6 months ago
394723d : mm/zswap.c: get swapper address_space by using macro <Sunghan Suh> 3 years, 8 months ago
0c4dfeb : Fixed compiler error after zram and zsmalloc ported from linux 3.15 mainline <halaszk> 2 years, 4 months ago
b71f981 : ZSALLOC: ported zsmalloc.h to our kernel <halaszk> 2 years, 4 months ago
6a715dc : zram backporting: remove iterator <flar2> 2 years, 6 months ago
6b593b5 : zram: fix incorrect stat with failed_reads <Chao Yu> 2 years, 9 months ago
c5d19e9 : zram: replace global tb_lock with fine grain lock <Weijie Yang> 2 years, 9 months ago
519ddd1 : zram: use size_t instead of u16 <Minchan Kim> 2 years, 9 months ago
1bc0a6f : zram: remove unused SECTOR_SIZE define <Sergey Senozhatsky> 2 years, 9 months ago
cbbca65 : zram: rename struct `table' to `zram_table_entry' <Sergey Senozhatsky> 2 years, 9 months ago
a2bd537 : zram: avoid lockdep splat by revalidate_disk <Minchan Kim> 2 years, 10 months ago
a8d514f : zram: revalidate disk after capacity change <Minchan Kim> 2 years, 11 months ago
3897aeb : zram: correct offset usage in zram_bio_discard <Weijie Yang> 2 years, 11 months ago
e82c6e0 : zram: support REQ_DISCARD <Joonsoo Kim> 3 years, 1 month ago
3f77729 : zram/zsmalloc backporting: undo Convert bio_for_each_segment() to bvec_iter <halaszk> 2 years, 4 months ago
b1d81bc : zsmalloc: add copyright <Minchan Kim> 3 years, 4 months ago
cfc3eaa :  zsmalloc: move it under mm <halaszk> 2 years, 4 months ago
094ec1b : zsmalloc: add more comment <Nitin Cupta> 3 years, 5 months ago
d058f34 : zsmalloc: add Kconfig for enabling page table method <Minchan Kim> 3 years, 5 months ago
a2bdaaa : zsmalloc: Fix "map_vm_area" undefined reference errors. <Majunath Goudar> 3 years, 7 months ago
87f97b7 : zram: use scnprintf() in attrs show() methods <Sergey Senozhatsky> 3 years, 1 month ago
ace4060 : zram: propagate error to user <Minchan Kim> 3 years, 1 month ago
91ace39 : zram: return error-valued pointer from zcomp_create() <Sergey Senozhatsky> 3 years, 1 month ago
2cffd60 : zram: move comp allocation out of init_lock <Sergey Senozhatsky> 3 years, 1 month ago
0620f2a : zram: add lz4 algorithm backend <Sergey Senozhatsky> 3 years, 1 month ago
89a9f26 : zram: make compression algorithm selection possible <Sergey Senozhatsky> 3 years, 1 month ago
c0a9d88 : zram: add set_max_streams knob <Sergey Senozhatsky> 3 years, 1 month ago
1553665 : zram: add multi stream functionality <Sergey Senozhatsky> 3 years, 1 month ago
dbb24af : zram: document failed_reads, failed_writes stats <Sergey Senozhatsky> 3 years, 1 month ago
084e1be : zram: factor out single stream compression <Sergey Senozhatsky> 3 years, 1 month ago
81a42d9 : zram: use zcomp compressing backends <Sergey Senozhatsky> 3 years, 1 month ago
ed79ee8 : zram: introduce compressing backend abstraction <Sergey Senozhatsky> 3 years, 1 month ago
f07c144 : zram: delete zram_init_device() <Sergey Senozhatsky> 3 years, 1 month ago
cfbbd68 : zram: move zram size warning to documentation <Sergey Senozhatsky> 3 years, 1 month ago
 
**** cmR:android_packages_apps_Settings ****
929fcce : remove rr about fabs <ZION959> 13 hours ago
 
**** cmR:android_vendor_CMRemix ****
fbaeadb : cm: Remove Gello <Dan Pasanen> 7 days ago
 
**** cmR:cm_platform_sdk ****
2b1cf2b : cmsdk: Add CMSettings option for QS auto brightness <Michael Bestas> 3 weeks ago
 
