
**** github:CMRemix/android_kernel_samsung_trlte ****
6f8717c : setup: fix wifi for G variant <Pafcholini> 6 weeks ago
6a89973 : set xz as default compression <ZION959> 6 days ago
2fa28ec : [squash] revert:  msm: vidc: Allow clients to specify/query the colorspace <ZION959> 3 months ago
a181b0c : pipe: Fix buffer offset after partially failed read <Ben Hutchings> 7 months ago
249fa8c : ARM: dts: apq8084: fix idle-timeout to 80ms from 8ms <Patrick Tjin> 5 months ago
0f044f9 : msm: ipa: fix the mux_channel buffer overflow <Skylar Chang> 6 months ago
1d1d1f0 : msm: kgsl: Fix direct references to HZ <Ajay Dudani> 9 months ago
25308d2 : arm: configs: shamu: set CONFIG_HZ to 300 <Patrick Tjin> 6 months ago
c354c1e : mmc: move to a SCHED_FIFO thread <Tim Murray> 7 months ago
300f783 : dm-verity: run in a WQ_HIGHPRI workqueue <Patrick Tjin> 6 months ago
cc7bfc0 : dm-crypt: run in a WQ_HIGHPRI workqueue <Tim Murray> 7 months ago
0d96a96 : include/linux/poison.h: fix LIST_POISON{1,2} offset <Vasily Kulikov> 8 months ago
59bf6b0 : msm: null pointer dereferencing <Wish Wu> 8 months ago
765919b : msm: arm: krait: Patch for krait array access out of bound <chengjia4574> 9 months ago
4f9b0cd : msm: vidc: Make buffer validity checks stronger <Deva Ramasubramanian> 7 months ago
3b695c3 : msm: vidc: Do sanity check for different IOCTL cmd <Deva Ramasubramanian> 7 months ago
5021111 : msm: vidc: Allow clients to specify/query the colorspace <Praveen Chavan> 11 months ago
bddfde9 : revert: use XZ as default compression <ZION959> 4 months ago
b4b51ee : cpufreq_interactive: Update it to linux 3.18 <Pafcholini> 4 months ago
da65ab1 : cpufreq: Initial CPU utilization should be 0 <Stratos Karafotis> 2 years, 8 months ago
80326de : cpufreq: qcom-cpufreq: Check return of cpufreq_frequency_get_table <Junjie Wu> 1 year ago
6ae9224 : mdss: mdp: Set completion if backlight level is zero <Gopikrishnaiah Anandan> 1 year, 2 months ago
e9d4cd0 : msm: vidc: disable CPU L2 cache PC during video sessions <Manikanta Sivapala> 10 months ago
666adc6 : qseecom: Remove core affinity requirement when loading external elf files <Puneet Mishra> 1 year, 2 months ago
fbd2e97 : use XZ as default compression <ZION959> 4 months ago
ca22d23 : sound_control: Lock Output Gain active by default <placiano> 4 months ago
5180127 : sound_control: clean up <Pafcholini> 4 months ago
6d1ea9f : revert: ZeroLemon Fuel Gauge Fixed <ZION959> 4 months ago
08ec07c : GCC: Add support for GCC 7.0 <mydongistiny> 4 months ago
93471cb : ZeroLemon Fuel Gauge Fixed <ZION959> 1 year, 1 month ago
a4c8976 : pipe: iovec: Fix memory corruption when retrying atomic copy as non-atomic <Ben Hutchings> 1 year, 2 months ago
d1e36ab : selinux: enforce <ZION959> 5 months ago
68ad236 : lowmemorykiller: enable adaptive_lmk by default <ZION959> 5 months ago
dd5b7e0 : mm: vmpressure: allow in-kernel clients to subscribe for events <ZION959> 5 months ago
e91225a : lowmemorykiller: adapt to vmpressure <ZION959> 5 months ago
89e6d67 : Makefile: update gcc compile optimizations <ZION959> 5 months ago
43fe266 : power: quickwakeup: initial driver <ZION959> 6 months ago
8493f0d : block: Update sio to sioplus iosched & zen <ZION959> 6 months ago
a2fd54d : cpufreq: impulse: tuning and burning values into governor <ZION959> 6 months ago
d6f3269 : revert: arm: implement kexec-hardboot (by vbocek@gmail.com) <ZION959> 6 months ago
4934a9e : revert: cpu: keep 2 cores always online (andip71) <ZION959> 6 months ago
fb97215 : add our own config <ZION959> 6 months ago
415ba85 : Makefile: fixed No such file or directory when make mrproper <ZION959> 6 months ago
0f79720 : add missing earlysuspend.h <ZION959> 6 months ago
b8a28c4 : Selinux: add config for permissive <ZION959> 6 months ago
1aa0f82 : revert: selinux: honour command line enforcing setting <ZION959> 6 months ago
9fa7e31 : msm: mdss: Adding lcd notifier <ZION959> 7 months ago
5408b4f : add few governors <ZION959> 6 months ago
083a17f : revert: trlte: update fingerprint drivers <ZION959> 6 months ago
a82c780 : msm: Add MSM Hotplug driver <ZION959> 6 months ago
 
**** github:CMRemix/proprietary_vendor_samsung ****
ad3e89e : trlte-common: commonize gps blobs <ZION959> 3 months ago
85d4a69 : trlte-common: remove shamu adreno graphic driver and use samsung MM adreno proprietary <ZION959> 3 months ago
6793adb : trlte-common: bring back LL blutooth proprietary firmware to fixed call bugs <ZION959> 3 months ago
51347f6 : trlte-common: commonize bluetooth & nfc firmware <ZION959> 3 months ago
5624484 : update bluetooth proprietary for all trlte varients <ZION959> 3 months ago
9bac3e8 : trlte-common: update Adreno-Nexus6-MOB30D proprietary (apr-2016) <ZION959> 4 months ago
d486d1c : move adreno firmware to etc <ZION959> 4 months ago
62a75f9 : trlte varients: Fix bluetooth share fc after CM merge (6.0.1r30) <ZION959> 4 months ago
41d3f85 : Create README.md <ZION959> 4 months ago
fc7199b : trlte-common: update Adreno-Nexus6-MMB29V proprietary <ZION959> 4 months ago
864a37e : trlte-common: update Samsung 6.0.1 DRM propritetary <ZION959> 5 months ago
 
