
**** cmR:CHANGELOGS ****
421fc13 : update changelog <ZION959> 13 hours ago
 
**** cmR:CMRemix ****
571acce : add vendor/CMRemix <ZION959> 2 hours ago
2c8e350 : convert cm/vendor to cmremix/vendor <ZION959> 6 hours ago
214e89a : remove Snap-dual-camera, we add to our dependencies now <ZION959> 14 hours ago
 
**** cmR:android_build ****
1db325e : build: rom: Allow to specify a custom toolchain <JoseGalRe> 1 year, 7 months ago
70f6124 : build: Fix bootzip for arm64 <Lokesh Chamane> 4 months ago
d11fdc0 : CMRemix's fy <ZION959> 7 hours ago
79ae10c : add cmremix build version <ZION959> 12 hours ago
 
**** github:CMRemix/android_device_lge_h830 ****
273a1ca : add cmremix.mk <ZION959> 50 minutes ago
 
**** github:CyanogenMod/android_hardware_qcom_media ****
0124a88 : media: Add missing links <Ethan Chen> 3 hours ago
1a4a797 : Update qcom-media project path guard <Sam Mortimer> 29 hours ago
 
**** github:CyanogenMod/android_packages_apps_Bluetooth ****
168ecad : bluetooth: Prevent null pointer crashes in A2DP initNative <Scott Warner> 22 hours ago
 
**** github:CyanogenMod/android_packages_apps_Dialer ****
30c87de : Clean up volume boost button logic. <Danny Baumann> 5 days ago
 
**** github:CyanogenMod/android_packages_apps_Email ****
e8856fe : Revert "Email: Supported Email search function" <Danny Baumann> 7 days ago
 
**** github:CyanogenMod/android_packages_apps_UnifiedEmail ****
39bd172 : Revert "UnifiedEmail: Supported Email search function" <Danny Baumann> 7 days ago
 
**** cmR:cm_platform_sdk ****
7b89faf : cmsdk: Update vendor cmremix <ZION959> 2 hours ago
 
