
**** github:CMRemix/android_device_samsung_trlte-common ****
96fb560 : revert: trlte-common: bye snap <ZION959> 26 minutes ago
dce3bb6 : trlte-common: force dex2oat not to use swap file <Thierry Strudel> 1 year, 1 month ago
f261db8 : 480 is moar better <TheBr0ken> 4 days ago
7a9c446 : Specifying breaks stuff <TheBr0ken> 29 minutes ago
5f6dde9 : Lets not enable livedisplay by default <TheBr0ken> 3 weeks ago
0b24599 : trlte-common: bye snap <ZION959> 31 minutes ago
f481f91 : Camera Updates <TheBr0ken> 11 days ago
7f282e5 : Fix up RIL <TheBr0ken> 8 weeks ago
3cc45a5 : Enable data for mms by default <TheBr0ken> 9 weeks ago
e803880 : Remove depreciated Torch package <TheBr0ken> 5 months ago
649e881 : trlte-common: update wifi blobs for tmo <ZION959> 59 minutes ago
cca6fbd : revert: trlte-common: update Wifi firmware <ZION959> 2 hours ago
 
**** github:CMRemix/android_device_samsung_trltetmo ****
5ca98f0 : trltetmo: remove blobs that not there in mm <ZION959> 35 minutes ago
b0560c4 : buidl fingerprint: update tmo MMB29M.N910TUVS2EPG2 <ZION959> 2 hours ago
 
**** cmR:android_frameworks_base ****
fdd1233 : revert: Properly animate TaskManager button when Halo button is disabled <ZION959> 24 hours ago
6cfcc92 : [2/2] Frameworks: Halo Color <XjCook> 2 years, 7 months ago
6fc930e : Add FLAG_ACTIVITY_CLEAR_TASK when open halo notifications <cristianomatos> 3 weeks ago
47194fb : HALO: Floating mode notifications toggle[1/2] <Corey Edwards> 3 weeks ago
3e32c33 : Update API's for Halo <cristianomatos> 3 weeks ago
a734214 : Halo: don't ask <LorDClockaN> 3 weeks ago
37cf2c2 : Halo: Vector icons were named wrong :D <LorDClockaN> 3 weeks ago
11b4967 : Properly animate TaskManager button when Halo button is disabled <LorDClockaN> 3 weeks ago
c735813 : FWB: Add halo tile (1/2) <LorDClockaN> 3 weeks ago
e3215ff : Halo: vectorize header icon <westcripp> 3 weeks ago
d4b246f : Halo: Add more info to tutorial on first run <LorDClockaN> 3 weeks ago
687b13d : Halo: Fix up header button icon, position and animation <LorDClockaN> 30 hours ago
d9e1efa : Halo: Reverse message bubble bg and text colors <LorDClockaN> 3 weeks ago
03b5b0f : [1/2] Frameworks: HALO <beerbong> 30 hours ago
b4e4f44 : FWB: Navigation button transparency (3/3) <LorDClockaN> 31 hours ago
59e7992 : Update Slim Recent App Sidebar (1/2) <SpiritCroc> 32 hours ago
97809c8 : AE: Add Settings for AE and initial tunables (2/2) <LorDClockaN> 32 hours ago
75ea359 : Slim recent: fix unknown window type error <SpiritCroc> 4 weeks ago
72bdb29 : ADB always notify (1/2) <SpiritCroc> 32 hours ago
 
**** github:CMRemix/android_kernel_samsung_trlte ****
6797344 : setup: fix wifi for G variant <Pafcholini> 6 weeks ago
77ea0e7 : set default comppression XZ for trltexx <ZION959> 3 months ago
a1708b4 : msm: mdss: kcal: Only apply updates on index 0 <savoca> 11 months ago
342e3788 : msm: mdss: kcal: Use PCC for negative display mode <savoca> 11 months ago
adbfc29 : msm: mdss: KCAL: Send a pp display commit when changes are made <savoca> 12 months ago
1d7671c : msm: mdss: KCAL: Do not read from picture adjustment registers <savoca> 1 year, 4 months ago
03b72b6 : msm: mdss: KCAL: Read values from MDP registers wherever possible <savoca> 1 year, 4 months ago
81292b6 : msm: vidc: Remove compat ioctl definition from vidc driver <Praneeth Paladugu> 12 months ago
db8308c : trlte: enable squashfs <ZION959> 3 months ago
251873f : fixed compilation <ZION959> 3 months ago
b34173e : Squashfs: Add LZ4 compression configuration option <Phillip Lougher> 1 year, 9 months ago
36037a8 : Squashfs: add LZ4 compression support <Phillip Lougher> 1 year, 9 months ago
c140ebc : fs/squashfs/super.c: logging cleanup <Fabian Frederick> 2 years, 1 month ago
4cc6044 : fs/squashfs/file_direct.c: replace count*size kmalloc by kmalloc_array <Fabian Frederick> 2 years, 1 month ago
7e93f48 : fs/squashfs/squashfs.h: replace pr_warning by pr_warn <Fabian Frederick> 2 years, 3 months ago
9ddc59a : fs: push sync_filesystem() down to the file system's remount_fs() <Theodore Ts'o> 2 years, 6 months ago
174423e : Squashfs: fix failure to unlock pages on decompress error <Phillip Lougher> 2 years, 9 months ago
87031b3 : Squashfs: Check stream is not NULL in decompressor_multi.c <Phillip Lougher> 2 years, 10 months ago
4d82d31 : Squashfs: Directly decompress into the page cache for file data <Phillip Lougher> 2 years, 10 months ago
99d058f : Squashfs: Restructure squashfs_readpage() <Phillip Lougher> 2 years, 10 months ago
113842c : Squashfs: Generalise paging handling in the decompressors <Phillip Lougher> 2 years, 9 months ago
4e96f82 : Squashfs: add multi-threaded decompression using percpu variable <Phillip Lougher> 2 years, 9 months ago
cedd6eb : squashfs: Enhance parallel I/O <Minchan Kim> 2 years, 10 months ago
6b5b1ec : Squashfs: Refactor decompressor interface and code <Phillip Lougher> 2 years, 10 months ago
5d4275b : Squashfs: add corruption check for type in squashfs_readdir() <Phillip Lougher> 3 years ago
d021ca7 : Squashfs: add corruption check in get_dir_index_using_offset() <Phillip Lougher> 3 years ago
91e313f : Squashfs: fix corruption checks in squashfs_readdir() <Phillip Lougher> 3 years ago
64b9d43 : Squashfs: fix corruption checks in squashfs_lookup() <Phillip Lougher> 3 years ago
2156b36 : Squashfs: fix corruption check in get_dir_index_using_name() <Phillip Lougher> 3 years ago
4e37483 : Squashfs: Optimized uncompressed buffer loop <Manish Sharma> 3 years ago
37a0686 : Squashfs: sanity check information from disk <Dan Carpenter> 3 years, 1 month ago
487ec70 : [readdir] convert squashfs <Al Viro> 3 years, 3 months ago
1241bb9 : usb: gadget: mass_storage: added sysfs entry for cdrom to LUNs <FrozenCow> 3 years, 2 months ago
32d0468 : UPSTREAM: block: disable entropy contributions for nonrot devices <Mike Snitzer> 1 year, 11 months ago
85812b2 : UPSTREAM: lz4: fix wrong compress buffer size for 64-bits <Bongkyu Kim> 7 months ago
781801b : UPSTREAM: zram/zcomp: do not zero out zcomp private pages <Sergey Senozhatsky> 8 months ago
0a75172 : UPSTREAM: zram: pass gfp from zcomp frontend to backend <Minchan Kim> 8 months ago
83e9ae7 : UPSTREAM: zram: try vmalloc() after kmalloc() <Kyeongdon Kim> 8 months ago
c7f2f9e : UPSTREAM: zram/zcomp: use GFP_NOIO to allocate streams <Sergey Senozhatsky> 8 months ago
bc4fa1c : UPSTREAM: zram: avoid kunmap_atomic() of a NULL pointer <Weijie Yang> 1 year, 9 months ago
9ef38e0 : UPSTREAM: math64: New separate div64_u64_rem helper <Mike Snitzer> 3 years ago
c5170d6 : UPSTREAM: lib/string.c: introduce strreplace() <Rasmus Villemoes> 1 year, 2 months ago
4231dbb : UPSTREAM: KEYS: Separate the kernel signature checking keyring from module signing <David Howells> 3 years ago
7841156 : UPSTREAM: KEYS: Have make canonicalise the paths of the X.509 certs better to deduplicate <David Howells> 3 years ago
204e050 : UPSTREAM: KEYS: Load*.x509 files into kernel keyring <David Howells> 3 years ago
4b14ed2 : ASoC: wcd9320: Change headphone CnP settings <Sudheer Papothi> 1 year, 11 months ago
ad67889 : kgsl: add page pool allocator <franciscofranco> 3 months ago
780e3b4 : ion: adjust system heap pool orders <franciscofranco> 4 months ago
a333622 : UPSTREAM: binfmt_elf: add ELF_HWCAP2 to compat auxv entries <Ard Biesheuvel> 2 years, 6 months ago
3aaf640 : mm: improve migration heuristic <Tim Murray> 5 months ago
 
**** cmR:android_packages_apps_Settings ****
bbb834a : Halo Color [1/2] <XjCook> 29 hours ago
bfb5c9c : [2/2]Settings: halo <beerbong> 29 hours ago
941701d : Settings: Navigation button transparency (2/3) <LorDClockaN> 29 hours ago
3ae43bd : Update Slim Recent App Sidebar (2/2) <Varun Date> 29 hours ago
cfb6e9f : ADB always notify (2/2) <SpiritCroc> 30 hours ago
 
**** cmR:cm_platform_sdk ****
54a247a : halo tile: add logger <ZION959> 24 hours ago
 
**** github:CMRemix/proprietary_vendor_samsung ****
6d91a96 : trlte-common: commonize gps blobs <ZION959> 3 months ago
40855c6 : trlte-common: bring back LL bluetooth proprietary firmware to fixed call bugs <ZION959> 3 months ago
ccabd14 : update device specific MM Samsung Firmware for trltexx & trltetmo, trltespr, trlteusc. <ZION959> 3 months ago
85dba6d : trlte-common: bring back LL bluetooth proprietary firmware to fixed call bugs <ZION959> 3 months ago
6ecf158 : trlte-common: commonize bluetooth & nfc firmware <ZION959> 3 months ago
d04b365 : update bluetooth proprietary for all trlte varients <ZION959> 3 months ago
6787c2f : revert: trlte-common: update Adreno-Nexus6-MOB30D proprietary (apr-2016) <ZION959> 3 months ago
616a32f : trlte-common: update Adreno-Nexus6-MOB30D proprietary (apr-2016) <ZION959> 4 months ago
6cfbfd8 : trlte-common: update Samsung 6.0.1 MMB29M N910GDTU1DPB6 proprietary <ZION959> 4 months ago
e4ddff2 : trlte varients: Fix bluetooth share fc after CM merge (6.0.1r30) <ZION959> 4 months ago
3494212 : trlte-common: update Adreno-Nexus6-MMB29V proprietary <ZION959> 4 months ago
a0a90df : trlte-common: update Samsung 6.0.1 DRM propritetary <ZION959> 5 months ago
 
