
**** cmR:CMRemix ****
7a8ead8 : temp remove repo that not ready <ZION959> 3 hours ago
2bee9bb : Revert "Add missing projects" - We want Browser <Chirayu Desai> 4 days ago
c02b049 : Revert "Rename qcom hals branchs" <Rashed Abdel-Tawab> 2 days ago
f01b9b1 : Use our forks of TV, EmergenyInfo, ApplicationsProvider and BlockedNumberProvider <Luca Stefani> 4 days ago
2115a47 : Add missing projects <Luca Stefani> 5 days ago
f61ccf6 : Fix system/update_engine remote <Luca Stefani> 5 days ago
9cf0832 : Switch to CM build/kati <Luca Stefani> 5 days ago
5d28a1b : cm-14: hal: Point all hal bits to staging for now <Diogo Ferreira> 5 days ago
760a05e : Rename qcom hals branchs <Luca Stefani> 5 days ago
cecbc8d : Welcome to CM 14.0 <Rashed Abdel-Tawab> 7 days ago
 
**** github:CMRemix/android_device_samsung_trlte-common ****
2efcbe4 : trlte-common: change this  to avoid play store compatibility issues <ZION959> 29 hours ago
 
**** github:CMRemix/android_device_samsung_trltetmo ****
1f89c7e : trltetmo: update blobs for mm <ZION959> 28 hours ago
 
**** cmR:android_frameworks_base ****
22efca7 : Applied workaround for MultiSelectListPreference bug <ImmersibleElf> 2 weeks ago
7d6fca5 : Bluetooth: Fix broadcast receiver leak issue <Manu Viswanadhan> 8 weeks ago
d380967 : Framework: Fix for file delete on settings not reflecting in MTP host <Shasidhar Ganiga> 10 days ago
214dc0b : Framework: Do not turn off voice interaction when close system dialogs reason is assist <gaoshang> 2 weeks ago
140932e : SysUI: Fix Duplicate Initialization <ZION959> 23 hours ago
789855d : Update Halo Tile Longpress Activity <Varun Date> 3 weeks ago
e84be9d : Halo: fix behaviour of statusbar header icon (DerTeufel) <ZION959> 23 hours ago
7976137 : Properly animate TaskManager button when Halo button is disabled <LorDClockaN> 3 weeks ago
1c8af6c : Halo: Add option to Enable/Disable Halo Button in Header [1/2] <Varun Date> 23 hours ago
f781b58 : [FWB] Configurable Header Text Shadow (1/2) <Pranav Cherukupalli> 23 hours ago
a15e984 : SystemUI: fix one more misbehaving shadow <LorD ClockaN> 3 months ago
60d775c : Fix a glitch causing shadow not to be reset when header disabled <LorDClockaN> 28 hours ago
 
**** github:CMRemix/android_kernel_samsung_trlte ****
805487c : revert: revert: drivers/motor: temporarily back to the old vibrator motor <ZION959> 22 hours ago
 
**** cmR:android_vendor_CMRemix ****
1220fe4 : remove com.qualcomm.location.apk <ZION959> 22 hours ago
 
**** cmR:cm_platform_sdk ****
b87fa2b : cmsdk: add Halo tile (2/2) <ZION959> 22 hours ago
 
**** github:CMRemix/proprietary_vendor_samsung ****
6ffc335 : derp fixed <ZION959> 3 hours ago
9a0040f : trlte: add back com.qualcomm.location.apk <ZION959> 3 hours ago
d5f4d05 : fixed build error for libbt-vendor.so <ZION959> 28 hours ago
00f7aaa : move libbt-vendor.so to fixed bluetooth issue <ZION959> 29 hours ago
 
