
**** cmR:CMRemix ****
1534c40 : add uber androideabi-4.9 <ZION959> 4 days ago
6d8be91 : remove clang 5.0 repos <ZION959> 4 days ago
8b78fa8 : derp <ZION959> 5 days ago
0266032 : track ThemeInterfacer <ZION959> 5 days ago
14c3747 : track cmremix subtratum repos <ZION959> 5 days ago
 
**** cmR:android_art ****
8b0b730 : runtime: arch: support kryo for 32 bit <Alex Naidis> 10 months ago
773e16b : dex2oat: Use CLOCK_MONOTONIC, not REALTIME for a watchdog! <Christopher R. Palmer> 6 months ago
24ef6fe : Fix build on XCode 8 w/OSX 10.12 SDK <Dan Willemsen> 7 months ago
23b2245 : ART: Add scorpion to the known cpu variants list <Michael Bestas> 1 year, 7 months ago
d99a543 : setting RLIMIT to INFINITY. <Maunik Shah> 2 years, 9 months ago
64f25fd : Pass the right class loader when inlining. <Nicolas Geoffray> 10 months ago
c20d389 : JIT: Don't update the dex cache of another class loader. <Nicolas Geoffray> 11 months ago
71b7681 : Add API for getting location of odex or oat file <Philip Cuadra> 11 months ago
359f2ef : Fix merging HLoadClass with HNewInstance. <Vladimir Marko> 11 months ago
69c99c1 : Make the boot image non-debuggable. <Mingyao Yang> 1 year ago
8578ab0 : Partial fragment deoptimization <Mingyao Yang> 1 year ago
baf7de6 : Fix string patch target retrieval in OatWriter. <Vladimir Marko> 1 year, 1 month ago
49de5a2 : Don't update checksum if data ptr is null. <Jeff Hao> 1 year ago
1e602e0 : Don't update checksum if data ptr is null. <Jeff Hao> 1 year ago
c4e4690 : Add null checks to weak DexCache references <Brian Carlstrom> 1 year, 1 month ago
e8c78b6 : Make sure the referring class is in the dex cache. <Nicolas Geoffray> 1 year, 1 month ago
637b231 : ART: Add support for DexFile compiler filter function <Andreas Gampe> 1 year, 2 months ago
2f2101e : ART: Resolve all classes even when verify-profile <Andreas Gampe> 1 year, 2 months ago
ad40822 : Fix zygote handling of when secondary image is out of date. <Jeff Hao> 1 year, 3 months ago
058231e : ART: Mterp arm64 2-operand double rem fix <buzbee> 1 year, 3 months ago
750fb56 : Do not include image header in decompressed size <Mathieu Chartier> 1 year, 3 months ago
d961066 : Tweak JIT hotness threshold. <Nicolas Geoffray> 1 year, 3 months ago
04560d6 : Use per character suffix for multi image <Mathieu Chartier> 1 year, 3 months ago
650642d : Add some debugging for zygote crash. <Nicolas Geoffray> 1 year, 3 months ago
24935f9 : Forgot to initialize JIT memory use fields. <Nicolas Geoffray> 1 year, 3 months ago
7524f47 : Dump the number of OSR compiled code. <Nicolas Geoffray> 1 year, 3 months ago
954bcc5 : Cleanup polymorphic inlining to the same target. <Nicolas Geoffray> 1 year, 3 months ago
63d5910 : Bug fix for polymorphic inlining. <Nicolas Geoffray> 1 year, 3 months ago
6a2280d : Add MapAnonymous handling for null error_str <Mathieu Chartier> 1 year, 3 months ago
86f052a : Always visit ProfilingInfo, the counter could be reset. <Nicolas Geoffray> 1 year, 4 months ago
91acf09 : Handle HSelect in LSE. <Mingyao Yang> 1 year, 4 months ago
65dd69e : ART: Fix bad manual rename of local variable. <Vladimir Marko> 1 year, 4 months ago
a8740ca : Disable app images for now <Mathieu Chartier> 1 year, 4 months ago
46d30ee : With irreducible loops, we can have a null destination. <Nicolas Geoffray> 1 year, 4 months ago
6ee75d6 : ART: DCHECK still too strong for String NewInstance <David Brazdil> 1 year, 5 months ago
a1f74fc : ART: Cannot assume String.<init> called on NewInstance <David Brazdil> 1 year, 5 months ago
c59f37b : Add a fence to ensure other threads see the correct data. <Nicolas Geoffray> 1 year, 5 months ago
4f995e9 : ART: Fix bug in LSE <David Brazdil> 1 year, 6 months ago
819de8e : Add test case for bad arm code generation. <Nicolas Geoffray> 1 year, 6 months ago
a4069e4 : Revert "ART: Reduce the instructions generated by packed switch." <Nicolas Geoffray> 1 year, 6 months ago
0f94ec3 : Temporary disable linker-namespaces <Dimitry Ivanov> 1 year, 6 months ago
1ddf27f : Fix braino when resolving an invoke-super. <Nicolas Geoffray> 1 year, 6 months ago
 
**** cmR:android_bionic ****
22d6b5b : libc: ARM: Add 32-bit Kryo memcpy <Jake Weinstein> 9 months ago
45a3987 : libc: use Cortex-A7/A53 memset on Kryo <Jake Weinstein> 8 weeks ago
ba97f82 : Add kryo support. <Christopher Ferris> 10 weeks ago
5848aaf : libc: memcpy_base: Disable opt for certain targets <Raghavendra Prasad Nagaraj> 2 years, 5 months ago
6f130ca : linker: Restore optional platform text relocations use <Adrian DC> 2 months ago
08aff0d : linker: Allow devices to force shim libs <Christopher R. Palmer> 3 months ago
55db114 : linker: Allow only specified non-PIE executables <Matt Mower> 4 months ago
4e0733d : linker: allow text relocations on user builds <Dan Pasanen> 4 months ago
b1190bb : Revert "Revert "Reenable support for non-PIE executables"" <Michael Bestas> 2 years, 6 months ago
193d94f : Update timezone data to 2016g. <Joachim Sauer> 8 months ago
773148f : Revert "bionic: Registration of trapping calls during libc initialization" <Arne Coucheron> 7 months ago
ef9b80e : linker: Make platform text relocations denial optional <Adrian DC> 9 months ago
c906aa3 : libc: allow forcing compilation with gcc <Simon Shields> 9 months ago
b8fc6d2 : bionic: Use a more simple strrchr for arm64 <Steve Kondik> 8 months ago
da6e94f : libc: AArch64: Tune memcpy <Wilco Dijkstra> 1 year, 7 months ago
2509079 : libc: ARM64: add assembly strrchr <Richard Earnshaw> 2 years, 6 months ago
f1e3eea : libc: ARM64: improve performance in strlen <Wilco Dijkstra> 2 years, 5 months ago
89ea5bd : libc: ARM64: optimize memset. <Wilco Dijkstra> 1 year, 10 months ago
b94d0f0 : libc: ARM64: Optimize memcpy. <Wilco Dijkstra> 1 year, 11 months ago
361e17a : libc: ARM64: remove bcopy from memset <Jake Weinstein> 1 year, 9 months ago
67b81d4 : libc: arm: add optimized memchr implementation <Yingshiuan Pan> 2 years, 1 month ago
e38a0f3 : libc: Add Scorpion-optimized variant <Steve Kondik> 3 years, 10 months ago
779b7c2 : libc: kryo: Override aosp routines <Luca Stefani> 9 months ago
7ccfcdc : bionic: Sort and cache hosts file data for fast lookup <Tom Marshall> 12 months ago
af35f67 : bionic: Teach fnmatch(3) to handle UTF-8 characters in patterns <Tom Marshall> 1 year, 2 months ago
8dcee20 : linker: Allow text-relocs for x86 (only) <Christopher R. Palmer> 1 year, 4 months ago
435e16a : Don't leak sockets if setsockopt() or fchown() fail. <Erik Kline> 1 year, 3 months ago
6ca3704 : linker: Add support for dynamic "shim" libs <Christopher R. Palmer> 1 year, 7 months ago
49e23c3 : bionic: Let popen fall back to /sbin/sh <Tom Marshall> 1 year, 7 months ago
f1df5fd : bionic: Add flag to restore legacy mmap behavior <Flemmard> 2 years, 7 months ago
0f6bfb7 : Check for bad packets in getaddrinfo.c's getanswer. <Elliott Hughes> 7 months ago
0ca32a9 : bionic: Registration of trapping calls during libc initialization <Devi Sandeep Endluri V V> 1 year, 1 month ago
abfde73 : libc: kryo specific memory routine <Brent DeGraaf> 1 year, 9 months ago
54325ea : kernel-header : add alarm type and clock type for power off alarm <Mao Jinlong> 1 year, 7 months ago
d1e3615 : Revert "<netinet/udp.h> should include <linux/udp.h>." <David Ng> 1 year, 3 months ago
7cdb481 : Update timezone data to 2016f <Neil Fuller> 11 months ago
4541863 : Change use of /data to /data/local/tmp. <Christopher Ferris> 1 year ago
4e77db0 : Change use of /data to /data/local/tmp. <Christopher Ferris> 1 year ago
6c5dd44 : HACK: STOPSHIP: linker: mark ELF segments as randomly accessed <Jin Qian> 1 year, 2 months ago
bc1f0be : Don't bother insisting on AT_HWCAP2 for 32-bit devices. <Elliott Hughes> 1 year, 2 months ago
d323e43 : Adjust test to let it pass on libhoudini. <Yabin Cui> 1 year, 3 months ago
d1981c0 : Improve and fix the stack-protector tests. <Elliott Hughes> 1 year, 3 months ago
e848346 : Revert "libm: rename LIBC_PRIVATE to LIBC_DEPRECATED" <Dimitry Ivanov> 1 year, 3 months ago
895d8f6 : Greylist libui.so <Dimitry Ivanov> 1 year, 5 months ago
96df61e : Explicit binary op order for both gcc and clang/llvm. <Chih-Hung Hsieh> 1 year, 5 months ago
7d27af7 : Refine greylist to exclude transitively DT_NEEDED libraries <Dimitry Ivanov> 1 year, 5 months ago
d6ee917 : Greylist some of internal native libraries <Dimitry Ivanov> 1 year, 5 months ago
917af43 : Revert "system_properties.cpp: special case ro.* properties" <Tom Cherry> 1 year, 5 months ago
6b5cbea : Temporary hack to avoid stack protector crashes. <Elliott Hughes> 1 year, 5 months ago
a352c69 : Temporary move __udivdi3 back to LIBC for x86 <Dimitry Ivanov> 1 year, 5 months ago
 
**** cmR:android_build ****
2feb940 : build: cmremix optimization <ZION959> 2 hours ago
07d4c6e : Makefile: Fix Squisher Logic <Chet Kener> 8 months ago
de452cc : Bringup system-squisher for Nougat <Chet Kener> 2 years, 6 months ago
290aa93 : Fix a nullness warning. <Yunlian Jiang> 8 months ago
388b526 : core: use 0 compression when creating the target_files package <Park Ju Hyung> 9 weeks ago
27bf91c : fixed cmremix changelog extension <ZION959> 3 weeks ago
c991595 : update bootflash image <ZION959> 2 weeks ago
429170b : OMS-N: adb shell command to access OverlayManagerService <Mårten Kongstad> 1 year, 10 months ago
1299a49 : Build: Switch to Magisk as the built in root [2/2] <LorDClockaN> 4 months ago
a57559b : use sytem ccache <ZION959> 3 weeks ago
9f06dfe : Set metadata on bootzip <Andreas Blaesius> 1 year, 10 months ago
85a8ac3 : Add back mka bootzip <RobbieL811> 2 years, 1 month ago
aaef08b : format system partition before install rom <ZION959> 4 weeks ago
5d7643f : build: CMRemix Version & build prop info & add ACSII art & changelog <ZION959> 5 weeks ago
a47d7ee : Revert "Revert "ota: Remove cruft we don't care about"" <Ivan Kutepov> 3 weeks ago
724e05e : apicheck_msg_current: Don't do this in LineageOS <qjohn> 3 weeks ago
 
**** github:LineageOS/android_device_qcom_common ****
05fec71 : Add gestures control [2/4] <Carlo Savignano> 7 months ago
ebff3b2 : power: use 8937 hal for 8953 <Dan Pasanen> 12 days ago
 
**** github:CMRemix/android_device_samsung_trlte-common ****
50e44a4 : fixed recovery build error <ZION959> 4 minutes ago
e28967d : Add gestures control config <ZION959> 17 minutes ago
1445628 : remove cmremix opti <ZION959> 4 days ago
 
**** github:LineageOS/android_external_stagefright-plugins ****
4089877 : FFmpegExtractor: Don't use our extractor when we agree with StageFright <Christopher R. Palmer> 8 days ago
 
**** cmR:android_frameworks_base ****
4f37efb : KeyguardConstants: turn off debugging <Thecrazyskull> 4 months ago
8f810b3 : KeySetManagerService: prevent NPE <Thecrazyskull> 4 months ago
c8cb50f : Move service from starting list once onStartCommand get called <Jun Su> 3 years, 3 months ago
b41335e : sounds: replace files from marlin <Park Ju Hyung> 4 months ago
0e564fe : spinner: make the loading "spinner" animation smoother in non-holo apps <Sar Castillo> 4 years, 7 months ago
3806b4d : fix IndexOutOfBoundsException in AccessibilityManagerService..manageServicesLocked <liangweikang> 6 months ago
bff2a25 : Fix stack-buffer-overflow detected by AddressSanitizer. <Evgenii Stepanov> 8 months ago
d11540f : DefaultPermissionGrantPolicy: Pass correct arguments <Alex Naidis> 5 months ago
1d3e2d1 : Fix NullPointerException in MediaPlayer <qinzhichao> 5 months ago
cde26b4 : PanelView: add double tap to sleep on keyguard <Anas Karbila> 6 months ago
236e5f0 : webview_packages: fix incorrect signatures <Alex Naidis> 6 months ago
1577625 : Post noteProcessFinish() to handler thread <Shibin George> 7 months ago
2caac27 : Fix memory corruption caused by patchCache.clear <caiqinl> 6 months ago
6b75cd8 : [AM] fix force stop home app may black screen. <Mark Lu> 7 months ago
5ac676e : base: Add handling SQLiteDatabaseCorruptException <muzbit.kim> 3 years, 1 month ago
6d61e1a : aapt: allow opting out of uncompressed aapt <Alex Naidis> 10 months ago
6ce5618 : webview_packages: correct signature definition for Chrome Stable <Alex Naidis> 7 months ago
ade77e9 : Resolve deadlock between ActivityManagerService and PowerManagerService <Shibin George> 11 months ago
f579cd5 : Fix deadlock b/w ActivityManagerService and MediaSessionService <Shibin George> 12 months ago
2c3a63c : PowerNotifications: Fix titlebar not toggling the feature <Joe Schubert> 8 months ago
0e5c61a : [ActivityManager] Fix the inconsistence between ProcessRecord and BroadcastQueues <yangzhenyu> 9 months ago
bc95404 : Fixes the system server crash issue caused by uncatched exception. <songjinshi> 10 months ago
13e54b8 : Clear pending activity launches when force stop package <liulvping> 8 months ago
e4b6d9a : Provide synchronization to setview to avoid NPE <Gopal Krishna Shukla> 11 months ago
fd67c15 : Make PIN/password failed attempts dialog non-cancelable <Edward Savage-Jones> 8 months ago
aaf11dd : Skip ANR for processes that have been killed <Tobias Lindskog> 2 years, 4 months ago
052ea08 : bootanimation: Call eglReleaseThread in threadLoop <Sai Kiran Korwar> 2 years ago
d560216 : Fix for reboot due to Volume State not updated in callback <Shasidhar Ganiga> 1 year, 3 months ago
fa26ed6 : Fix previous app displaye on back key press <Narendra> 1 year, 4 months ago
b875ed0 : Fix for wallpaper flicker on bootup on some targets <Shasidhar Ganiga> 8 months ago
99c0bd4 : Frequently used OpenGL ES methods whitelisted for fast JNI path <Daniil Sokolov> 1 year, 9 months ago
fb20a5b : Modify the case in adjustFocus when the mFocusedActivity is null <Pawit Pornkitprasan> 2 years, 7 months ago
d451aa1f : Release SQLite page cache as much as it can <yi.jang> 3 years, 3 months ago
906decd : [Watchdog]:Avoid the system server hang forever. <songjinshi> 9 months ago
7761f55 : webview_packages: prefer the more powerful webview packages <mfonville> 8 months ago
6b62ee6 : hardware: Camera: Return -1 if value does not exist <Christopher N. Hesse> 9 months ago
8faebd9 : Also remove activity record if its app is removed. <riddle_hsu> 1 year, 4 months ago
e8fe760 : Integer.valueOf() -> Integer.parseInt() to avoid allocation. <Tobias Thierer> 1 year, 1 month ago
e2d1158 : Avoid needless Integer.valueOf() object allocation. <Tobias Thierer> 1 year, 1 month ago
99fe497 : Fix screenshot icon file name & clear png traces <Arz Bhatia> 1 year, 2 months ago
38e040e : Update screenshot notification icon <Arz Bhatia> 1 year, 3 months ago
086de590 : DadZone: add missing call to TypedArray.recycle() to prevent leaks when restarting SystemUI for themes <Dave Kessler> 1 year, 1 month ago
0ce92b2 : KeyButtonView: use a static instance of AudioManager since we don't need a separate one for each KeyButtonView instance <Dohyun Lee> 1 year, 4 months ago
00fcbc7 : Fix screenshot icon file name & clear png traces <Arz Bhatia> 1 year, 2 months ago
09faa4a : Update screenshot notification icon <Arz Bhatia> 1 year, 3 months ago
36f5bd5 : core: Unbreak public API <Evan Anderson> 1 year, 4 months ago
b78941f : SystemUI: Vectorify system bar drawables <jumoog> 1 year, 8 months ago
f8cfe70 : core: Set the power menu volume selector as green <willl03> 2 years, 6 months ago
65a0e96 : Activity: Add an helper to get its handler instance <BigBrother1984> 2 years, 5 months ago
cba09c7 : InputWrapper: Opt out early if session == null <Lars Greiss> 2 years, 11 months ago
 
**** cmR:android_frameworks_native ****
b394988 : OMS7-N: installd: add command 'rmidmap' <Mårten Kongstad> 1 year, 6 months ago
c68520a : sensorservice: Fix orientation sensor for HAL's missing rotation vector sensor <Arne Coucheron> 3 weeks ago
11a692c : binder: remove cgroup interactions [ DO NOT MERGE ] <Tim Murray> 3 months ago
 
**** github:LineageOS/android_hardware_libhardware ****
dc99e91 : Add gestures control [1/4] <Willi Ye> 1 year, 2 months ago
 
**** github:LineageOS/android_hardware_samsung ****
d81a0a3 : liblights: Add support for variable touchkey brightness <Dominggoes Isakh> 11 days ago
63b5bd7 : power: Write IO busy parameter for big cluster <Christopher N. Hesse> 6 days ago
b0d8610 : modemloader: Add support for recent devices <Christopher N. Hesse> 11 days ago
 
**** github:CMRemix/android_kernel_samsung_trlte ****
2faa88f : fs/exfat: Update [SQUASH] <James Christopher Adduono> 5 months ago
5415e2c : optimize <ZION959> 39 minutes ago
 
**** github:LineageOS/ansible ****
e1ffe6a : Add ftp.fau.de <Tom Powell> 12 days ago
dbd7019 : update playbook, update & (possibly) reboot if required <Tom Powell> 12 days ago
671faf9 : Bye bye robots <Tom Powell> 12 days ago
 
**** github:LineageOS/contributors-cloud-generator ****
5ce7272 : Fix cause of Null Pointer <Jorge Ruesga> 2 weeks ago
 
**** github:LineageOS/cve_tracker ****
9ccb7ee : cve_tracker: Recalculate the progress when adding new CVEs <Michael W> 8 days ago
6bccea9 : cve_tracker: Rework dialogs <Michael W> 5 days ago
6e5c151 : Regenerate kernel->device mappings <Harry's Buildbot> 11 days ago
 
**** github:LineageOS/hudson ****
c378cc2 : hudson: Enable hlte and hltetmo <Kevin F. Haggerty> 8 days ago
e3a462e : Rebalance targets to 29/29/29/29/29 <Harry Youd> 12 days ago
1407b67 : hudson: Add BQ Aquaris U Plus (tenshi) <Brinly Taylor> 3 weeks ago
b028479 : Add Google Pixel C (dragon) <followmsi> 13 days ago
 
**** github:LineageOS/scripts ****
c20ad11 : maintainers: use path relative to script's dir <Dan Pasanen> 10 days ago
c571a37 : Make the README a little easier to follow <Harry Youd> 12 days ago
 
**** github:LineageOS/tribble-tracker ****
2844cb1 : Revert "Include official count on main page" <Tom Powell> 12 days ago
d3fb81a : Add official count to device/country pages <Tom Powell> 12 days ago
6eee90b : Include official count on main page <Tom Powell> 12 days ago
 
**** github:LineageOS/lineageos_updater ****
75cb972 : Make favicons absolute links <Harry Youd> 6 days ago
5c21e56 : Move device images to new location <syphyr> 7 days ago
45e7269 : Include static/templates in distribution <Tom Powell> 8 days ago
8b4779f : [1/2] Migrate updater to python package <Tom Powell> 8 days ago
e407914 : Regenerate device dependency mappings <Harry's Buildbot> 9 days ago
14b4b78 : updater: Add BQ Aquaris U Plus (tenshi) <Brinly Taylor> 11 days ago
d5a6123 : Add Google Pixel C (dragon) <followmsi> 13 days ago
c970d17 : Fix comment in changelog init.py <Harry Youd> 12 days ago
5a2945d : Regenerate device dependency mappings <Harry's Buildbot> 12 days ago
 
**** github:LineageOS/www ****
501ab9d : Changelog #10 - Sensitive numbers and our CVE Tracker <Harry Youd> 7 days ago
 
**** github:LineageOS/lineage_wiki ****
cd52e9e : devices: Add Galaxy Note 3 (hlte, hltetmo) <Kevin F. Haggerty> 8 days ago
3c1a3b7 : wiki: update Gohan specs. <Brinly Taylor> 11 days ago
233ec1b : Add Google Pixel C (dragon) <followmsi> 12 days ago
 
**** cmR:android_packages_apps_CMParts ****
4e7219f : PerfProfileSettings: Update slider on powersave mode change <Gabriele M> 3 months ago
5f7bb78 : CMParts: Update quick QS pull-down summary for translation <Elektroschmock> 3 months ago
2bad1e9 : Fix reorientation of volume buttons on portrait tablets <LuK1337> 10 weeks ago
46e207f : Automatic translation import <Abhisek Devkota> 10 weeks ago
bce1aed : Automatic translation import <Abhisek Devkota> 2 months ago
1f68861 : Automatic translation import <Abhisek Devkota> 3 months ago
7d8197d : CMParts: update contributors db <Dan Pasanen> 3 months ago
7e68b15 : Automatic translation import <Abhisek Devkota> 3 months ago
296e4ae : Automatic translation import <Abhisek Devkota> 3 months ago
780f4ad : CMParts:Make Button Settings and Hardware Key Settings Non Searchable <Varun Date> 9 weeks ago
cf7aea8 : Automatic translation import <Michael W> 3 months ago
ac7b974 : [2/3] CMParts: single hand for hardware keys <Joey Rizzoli> 4 months ago
8716c49 : Update style to match the one of Settings <Gabriele M> 3 months ago
42ab728 : Disable quick pulldown by default <Gabriele M> 3 months ago
bb0b68b : CMParts: activate nfc trigger for system profiles <Maxim Becker> 4 months ago
b4ab507 : Automatic translation import <Abhisek Devkota> 3 months ago
2b2d92f : CMParts: KeyHandler: Add User to broadcast <Michael W> 3 months ago
4817402 : Automatic translation import <Abhisek Devkota> 3 months ago
cc00362 : CMParts: Restructure status bar settings <Hendrik Hagendorn> 5 months ago
b6c7f0b : CMParts: Fix email and browser intents <Michael W> 4 months ago
670c2ec : Automatic translation import <Abhisek Devkota> 4 months ago
2fbcf82 : CMParts: Replace variable for setup wizard complete <Paul Keith> 4 months ago
d02f378 : Automatic translation import <Abhisek Devkota> 4 months ago
e0ed192 : CMParts: Add strings for sRGB <dianlujitao> 4 months ago
5bb856b : Revert "Touchscreen gestures: remove CM Setup Wizard dependency" <Andres> 3 months ago
be502fd : Automatic translation import <Abhisek Devkota> 4 months ago
5745690 : CMParts: strings: Fix indentation <dianlujitao> 4 months ago
d0cb33a : CMParts: gestures: Specify a qualified user for update broadcast <Zhao Wei Liew> 4 months ago
570b5e5 : Automatic translation import <Abhisek Devkota> 4 months ago
d4ebc3c : Automatic translation import <Abhisek Devkota> 4 months ago
dd5649c : Add "Letter V" string <LuK1337> 4 months ago
18e8f3c : Automatic translation import <Abhisek Devkota> 4 months ago
c3b79a3 : CMParts: Clean out imports <Michael W> 4 months ago
602e9da : CMParts: Simplify long press for torch strings <Bruno Martins> 4 months ago
ae24efd : Automatic translation import <Abhisek Devkota> 4 months ago
040a398 : CMParts: Long-press power while display is off for torch <beanstown106> 1 year, 5 months ago
dac39d7 : CMParts: Clean up status bar settings class <Zhao Wei Liew> 4 months ago
5195eed : CMParts: power: Resolve 'automatic optimization' state issues <Zhao Wei Liew> 4 months ago
e4ab72a : CMParts: Update quick QS pull-down entries for RTL layouts <Zhao Wei Liew> 4 months ago
47abb9a : CMParts: Don't update status bar clock summary on RTL <Zhao Wei Liew> 4 months ago
9730b04 : CMParts: Update quick QS pull-down summary on pref change <Zhao Wei Liew> 4 months ago
b306390 : Automatic translation import <Abhisek Devkota> 4 months ago
f4a35de : Touchscreen gestures: remove CM Setup Wizard dependency <Andres> 4 months ago
6694859 : CMParts: Move status bar tap to sleep pref to Settings <Zhao Wei Liew> 4 months ago
9665e1d : CMParts: Add touchscreen gesture settings and keyhandler <Zhao Wei Liew> 5 months ago
e8261dd : CMParts: buttons: Remove double tap power for camera setting <Zhao Wei Liew> 5 months ago
fe53ebe : Automatic translation import <Abhisek Devkota> 4 months ago
6eeccc9 : Fix icon tint <westcripp> 4 months ago
f1dfd8c : Update colors.xml <Altan KRK> 4 months ago
fc15436 : CMParts: Improve stats collection summary <Zhao Wei Liew> 4 months ago
 
**** cmR:android_packages_apps_DeskClock ****
89aae76 : DeskClock: Fix issues with flip/shake actions and poweroff alarm <Arne Coucheron> 13 days ago
7859d63 : Revert "Fix alarm not firing in memory-pressure situations" <Arne Coucheron> 3 weeks ago
 
**** github:LineageOS/android_packages_apps_Email ****
b76ada5 : Fix check for deleted messages. <Danny Baumann> 7 days ago
70ccb25 : Close body InputStreams correctly. <Danny Baumann> 12 days ago
c43715b : Fix message duplication on flag update. <Danny Baumann> 11 days ago
c0e5d54 : Search in folder specified via URI parameter, if possible. <Danny Baumann> 7 weeks ago
 
**** github:LineageOS/android_packages_apps_FlipFlap ****
ad0c195 : FlipFlap: Hide cover view before removing <jrior001> 6 days ago
1d5c620 : FlipFlap: add support for smaller View window covers <jrior001> 2 weeks ago
0174b30 : Circle/Rectangle Views: adjust icon spacing/sizing <jrior001> 2 weeks ago
 
**** github:LineageOS/android_packages_apps_Jelly ****
0106448 : Jelly: Enable adjust bounds for incognito image <Luca Stefani> 5 days ago
c642120 : Jelly: Never hide history view <Gabriele M> 7 days ago
ea83c6c : Jelly: Use an observer to refresh the history view <Gabriele M> 8 days ago
837ec77 : Add an indicator icon for incognito mode. <Gabriel Féron> 5 days ago
c35cc24 : Jelly: Update android tools build <Luca Stefani> 5 days ago
020a697 : Jelly: Don't accept cookies in incognito mode <Luca Stefani> 10 days ago
dc48da6 : Jelly: Don't add duplicates to the history <Gabriele M> 8 days ago
78e3754 : Jelly: Query an already ordered history <Gabriele M> 8 days ago
c8e5ebe : Jelly: Enable the DOM storage API <Gabriele M> 8 days ago
64920b0 : Jelly: Fix some warnings <Luca Stefani> 9 days ago
503fea1 : Jelly: Use lambdas in settings activity <Luca Stefani> 9 days ago
576d1b9 : Jelly: Make download_message not specific to sdcard <Adrian DC> 11 days ago
8f1365c : Jelly: Handle screenLayout changes <Luca Stefani> 10 days ago
c9f336c : Jelly: Pause WebView along with the activity <Gabriele M> 12 days ago
c23c013 : Jelly: Don't claim to be a simple WebView <Gabriele M> 2 weeks ago
c218521 : Jelly: Define base class for Activities containing WebViewExt <Gabriele M> 2 weeks ago
1607c0d : Jelly: Make it easier to initiate gestures <Gabriele M> 2 weeks ago
978e74e : Jelly: Don't leak fileoutputstream if bm is null <Luca Stefani> 2 weeks ago
 
**** cmR:android_packages_apps_Settings ****
d136c0e : update label for cmr settings <ZION959> 3 hours ago
4f8d4d7 : Bluetooth: avoid NullPointer when createView in BluetoothPairingDialog <Mingbo Zhang> 8 weeks ago
f9e960e : BugFix:Correct fullBearer in APNSettings <Libo Jin> 6 weeks ago
df3beaa : Settings: add gestures summary <Hernán Castañón Álvarez> 2 weeks ago
682c870 : Settings: import AOSP gestures into our gestures settings <Anas Karbila> 5 weeks ago
0e42b16 : Add gestures control [4/4] <Carlo Savignano> 4 hours ago
f702d16 : Forward port Pie [2/2] <rogersb11> 24 hours ago
5bcb264 : Settings: Moving Stuff here and There <varund7726> 24 hours ago
79ce17c : LockScreen Show Alarm [2/2] <beanstown106> 25 hours ago
b9808c3 : Add the ability to hide superuser status bar icon [2/2] <cristianomatos> 25 hours ago
11098b0 : Status Bar Ticker [2/2] <rogersb11> 25 hours ago
a9f58ec : Fix Clock Date & Fonts for Seekbar <LorDClockaN> 8 months ago
0ac341f : Lock Clock: Date Fonts & Sizes [2/2] <Varun Date> 8 months ago
a258fbe : Carrier Label Max Notification count & Hide [2/2] <beanstown106> 25 hours ago
910a8dc : Carrier Label Font Style & Size [1/2] <LorDClockaN> 8 months ago
b2d0f2f : Carrier Label: Extend it to Both Statusbar & Keyguard [2/2] <beanstown106> 8 months ago
c9eac94 : clean up <ZION959> 25 hours ago
f342030 : CMREmix Logo left [2/2] <LorDClockaN> 8 months ago
9e8b717 : Show carrier label / custom & change color [2/2] [Squashed] <beanstown106> 25 hours ago
9fb0c51 :  Double tap to launch camera - vibration config [2/2] <Alex Cruz> 8 months ago
6291b73 : Development: Allow all Masquerade calling packages for debugging (3/3) <George G> 3 months ago
850d351 : Settings: Expose "ALL" hardcoded and @android colors <Bryan Owens> 3 months ago
99e2007 : Settings: Expose and add tint mode to custom icons <Randall Rushing> 1 year, 2 months ago
51b18bc : Settings: Expose styles in the manifest for themes <Bryan Owens> 3 months ago
5656bc3 : Set external settings icon tint mode to SRC_ATOP <Ivan Iskandar> 4 months ago
bf97f00 : Settings: Add Custom SeekBarPreference Settings: Adapt our Changes to New Custom SeekBar <SpiritCroc> 4 months ago
2f80d38 : Settings: Adapt our Changes to New Custom SeekBar <varund7726> 6 days ago
89ec92a : Settings: Add Custom SeekBarPreference <0xD34D> 6 days ago
9999059 : build fixed <ZION959> 6 days ago
fcacf50 : Catagorize String ,colors and Dimens into One file <varund7726> 6 days ago
6b942d2 : Expose switchbar background color <Ivan Iskandar> 5 months ago
6e5bda6 : Expose dashboard category padding bottom <Ivan Iskandar> 5 months ago
ca12f7c : Expose color for external settings icons <Clark Scheff> 5 months ago
e0ad786 : Hide the "show/hide overlays" when no overlay installed <Ivan Iskandar> 6 months ago
a216699 : Exclude overlays from the app counter <Ivan Iskandar> 6 months ago
f7502cc : OMS7-N: Apps: show/hide Substratum icon overlays [2/2] <Kuba Schenk> 6 months ago
9acf6df : OMS7-N: Apps: show/hide Substratum overlays [2/2] <George G> 11 months ago
74e0107 : Settings: Expose LinearColorBar default colors <SpiritCroc> 6 months ago
f1709ac : Settings: Expose storage icon colors <SpiritCroc> 6 months ago
d0045ec : Settings: Expose gesture settings switchbar <daveyannihilation> 6 months ago
9510e5c : Settings: Expose storage summary text <George G> 1 year, 7 months ago
3b3a356 : Settings: Expose condition card colors <daveyannihilation> 9 months ago
5e075f6 : Settings: Expose dashboard category and tile color <Ivan Iskandar> 9 months ago
7d504e2 : Rework dashboard settings [1/2] <Alex Cruz> 6 days ago
e86e31b : Dashboard summaries double lines toggle [2/2] <Alex Cruz> 5 months ago
b580a5b : Dashboard tile layout config [1/2] <maxwen> 5 months ago
dfa6381 : Dashboard customizations <eyosen> 6 days ago
95137ed : [squash] Configurations: Make Sure FAB Menu is Dimissed Ontouch Event <varund7726> 7 days ago
 
**** github:LineageOS/android_packages_apps_Trebuchet ****
1a65ab8 : Trebuchet: Sign with platform key <Arne Coucheron> 6 days ago
5c6b5a2 : Add null check in Launcher onNewIntent() before moveToDefaultScreen(). <Tony> 1 year, 7 months ago
273db43 : Handle OutOfMemoryException gracefully in WallpaperCropActivity. <Tony Wickham> 1 year, 7 months ago
2846677 : Fixing All apps not respecting scaled icon size <Sunny Goyal> 1 year, 6 months ago
14d0937 : Adding workaround to jump in wallpaper offsets. <Winson> 10 months ago
 
**** github:LineageOS/android_packages_apps_UnifiedEmail ****
e353ae2 : Properly close body InputStreams. <Danny Baumann> 12 days ago
5462df5 : Pass selected folder to message search. <Danny Baumann> 7 weeks ago
 
**** github:LineageOS/android_packages_resources_devicesettings ****
1935d69 : Add fingerprint sleep strings <Alberto97> 5 days ago
 
**** github:LineageOS/android_packages_services_Telecomm ****
ea38cbf : (1/2) Make sensitive phone numbers not to be shown in call log history. <Olaia Segovia> 3 months ago
 
**** bb:uberroms/clang_linux-x86_5.x ****
317e438 : clang 5.0 28-MAY-2017 build (binutils 2.28) Super Sexy Scizor Edition <Chad Cormier Roussel> 8 weeks ago
 
**** bb:uberroms/aarch64-linux-android-6.x ****
97b404f : 28-MAY-2017 (with binutils 2.28) Freaking Flashing Fax Edition <Chad Cormier Roussel> 8 weeks ago
 
**** bb:uberroms/arm-linux-androideabi-6.x ****
a85ad31 : 28-MAY-2017 (with binutils 2.28) Raging Red Rocket Edition <Chad Cormier Roussel> 8 weeks ago
 
**** aosp:platform/prebuilts/sdk ****
23f7de5 : Merge "Add API 25 prebuilts." into nyc-mr1-dev am: 5e9de23f8c <Michael Wright> 8 months ago
 
**** cmR:android_system_core ****
e3e7f59 : Create "theme extras" directory <bigrushdog> 5 months ago
 
**** cmR:android_vendor_CMRemix ****
2a2443d : vendor: update various apk and theme <ZION959> 5 days ago
357087e : vendor: fixed merge error <ZION959> 8 days ago
63b8e87 : Build utils library and add as boot jar <Randall Rushing> 5 months ago
7c5e4cb : (2/2) Make sensitive phone numbers not to be shown in call log history. <Olaia Segovia> 2 months ago
eb37f20 : overlay: Enable Wi-Fi by default on first boot <ShevT> 11 days ago
a4cfcca : Show full alarm info <Sebastian Haderecker> 7 weeks ago
65f03f1 : extract_utils: fix extracting XML files containing binary characters <Dobroslaw Kijowski> 3 weeks ago
 
