
**** github:LineageOS/android_bootable_recovery ****
5d701cc : recovery: Complete project pathmap usage <Michael Bestas> 35 hours ago
39ce741 : Revert "recovery:updater: Changes to support 32->64 bit upgrades" <Michael Bestas> 2 days ago
 
**** cmR:android_build ****
bd76660 : Build: Switch to Magisk as the built in root [2/2] <LorDClockaN> 3 months ago
 
**** github:LineageOS/android_device_qcom_common ****
0dc3673 : recovery: Use project pathmap for recovery <Michael Bestas> 35 hours ago
 
**** github:LineageOS/android_external_ahbottomnavigation ****
53fc7fd : ahbottomnavigation: use right background resources <Joey Rizzoli> 11 months ago
5346543 : Add Android.mk <Michael Bestas> 11 months ago
eccc2cd : Update docs <Aurelien Hubert> 8 weeks ago
274180a : Update design support & lib version <Aurelien Hubert> 8 weeks ago
4e82d02 : Update gradle <Aurelien Hubert> 8 weeks ago
2403d45 : Fix bug with the ripple effect for API >= 21 <Aurelien Hubert> 8 weeks ago
2c00973 : Update & fix the isHidden() method <Aurelien Hubert> 8 weeks ago
5f89dec : Update gradle <Aurelien Hubert> 8 weeks ago
a4da865 : Update docs <Aurelien Hubert> 10 weeks ago
40c509e : Update gradle files <Aurelien Hubert> 10 weeks ago
b97a852 : Update layouts <Aurelien Hubert> 10 weeks ago
8804a4f : Clean code <Aurelien Hubert> 10 weeks ago
628f1f0 : Add setTitleTextSizeInSp method <Aurelien Hubert> 10 weeks ago
9da39a7 : Allow for the disabling of sound effects <csdodd> 2 months ago
34f9eae : Updated documentations <Aurelien Hubert> 3 months ago
2cef53c : Updated gradle <Aurelien Hubert> 3 months ago
99d1652 : Fixed alpha icon update <Aurelien Hubert> 3 months ago
df85851 : Updated docs <Aurelien Hubert> 4 months ago
a3c1fd9 : Updated gradle files <Aurelien Hubert> 4 months ago
6783a77 : A: Method to get the tab view <Aurelien Hubert> 4 months ago
c19c4fa : Updated docs <Aurelien Hubert> 5 months ago
0ea8e0e : Updated gradle <Aurelien Hubert> 5 months ago
eca8391 : Improved behavior when titles are hidden <Aurelien Hubert> 5 months ago
2a70543 : Fixed a bug when titles are hidden <Aurelien Hubert> 5 months ago
0d737f0 : Update documentations <Aurelien Hubert> 6 months ago
3cac844 : Update gradle <Aurelien Hubert> 6 months ago
0680341 : Fix a crash with setCurrentItem(int position, boolean useCallback) <Aurelien Hubert> 6 months ago
a2b20db : Updated documentations <Aurelien Hubert> 6 months ago
4315b72 : Updated demo2 <Aurelien Hubert> 6 months ago
cead912 : Added translucentNavigationEnabled getter & setter <Aurelien Hubert> 6 months ago
50c6a84 : Updated gradle <Aurelien Hubert> 6 months ago
5e0732d : Updated demo <Aurelien Hubert> 6 months ago
f530297 : Updated documentation <Aurelien Hubert> 6 months ago
68294c1 : Updated documentations <Aurelien Hubert> 6 months ago
c6e7ec4 : Improved demo <Aurelien Hubert> 6 months ago
584defb : Clean AHBottomNavigation behavior <Aurelien Hubert> 6 months ago
ba264a6 : Add behavior for FAB with AHBottomNavigation <Aurelien Hubert> 6 months ago
aab2de2 : Manage FAB with AHBottomNavigation <Aurelien Hubert> 6 months ago
1aca4b4 : Updated demo gradle <Aurelien Hubert> 6 months ago
0b420a7 : Updated lib gradle <Aurelien Hubert> 6 months ago
b351626 : Updated  gradle version <Aurelien Hubert> 6 months ago
d1ad045 : Add item title display state configuration <Kevin Wolkober> 8 months ago
be9a57d : Updated docs <Aurelien Hubert> 7 months ago
82ed2b6 : Updated build.gradle <Aurelien Hubert> 7 months ago
82c4fcc : Add layouts for 21+ <Aurelien Hubert> 7 months ago
eb85410 : Remove unnecessary code <Aurelien Hubert> 7 months ago
a486e04 : Add color under the navigation bar <Vitaliy Malyshev> 7 months ago
9140197 : Update build tools version <Aurelien Hubert> 7 months ago
f279768 : Update documentations <Aurelien Hubert> 7 months ago
1bf3cc9 : Update build.gradle (lib & demo) <Aurelien Hubert> 7 months ago
 
**** cmR:android_frameworks_base ****
e736c1a : Prevent IndexOutOfBoundsException <Evisceration> 2 years, 4 months ago
284e77c : Update cached buffers in async mode <Surajit Podder> 2 years, 2 months ago
d26e73d : Define priority for callerinfo selection <Jason Kung> 3 years ago
123000c : Handle ActivityNotFoundException for contacts activity <kaiyiz> 2 years, 3 months ago
4c96ce6 : Remove freezing window to fix UI freezing issue <wyuan> 1 year, 11 months ago
2bdc7fa : Sometimes property service is slow to respond <Gao,KunX> 3 years, 6 months ago
c1152bd : Fix inconsistant display number format issue in Messaging application <Zhang Dongxing> 4 years, 5 months ago
d0e47fe : SystemUI: disable statusbar time refresh when screen off <Jun Su> 3 years, 3 months ago
8bceb5d : Keyguard: don't refresh ui when screen off <Jun Su> 3 years, 4 months ago
160fa44 : aapt: introduce SHOW_EXTENDED_WARNINGS <Evisceration> 2 years, 10 months ago
a4e4efa : aapt: i hate if (true) statements <Evisceration> 2 years, 11 months ago
041fa33 : Unknown apps: enable by default <zephiK> 1 year, 7 months ago
bfb2810 : aapt: Default to 0 compression ratio <arter97> 2 years, 1 month ago
36edfba : aapt: silence these warnings <Evisceration> 2 years, 11 months ago
1c3e44e : Forward Port: Smoother Upload and Download Animation <Muhammed Nazim> 1 year, 5 months ago
348b1e6 : Reduce log verbosity: Don't spam logcat <fusionjack> 2 years, 11 months ago
abc9322 : Allow faster app switching <Chet Kener> 1 year, 7 months ago
bf2168f : Speed up StatusBar <Chet Kener> 1 year, 5 months ago
6455d8f : lowered animations duration <ZION959> 1 year, 5 months ago
180ae0a : Speed things up!! <Mazda> 2 years, 5 months ago
cb5478e : Frameworks: I like it fast -25 <ZION959> 2 years, 2 months ago
19e4792 : Frameworks: apple can do...we can do as well <Lars Greiss> 2 years, 6 months ago
3de2807 : SystemUI: Use AOSP AutoBrightness implementation <Luca Stefani> 10 days ago
fe90135 : Revert "SystemUI: [RJIL new function] AutoBrightness" <Luca Stefani> 10 days ago
81cc243 : Revert "SystemUI: Fix QSTileHost exception" <Luca Stefani> 10 days ago
 
**** github:LineageOS/android_hardware_libhardware_legacy ****
ec33ac3 : wifi: add firmware loader support for the non-LKM case <M1cha> 4 months ago
 
**** github:LineageOS/android_hardware_samsung ****
a58b7d9 : AdvancedDisplay - Rename default scenario <Abhisek Devkota> 3 days ago
 
**** github:LineageOS/ansible ****
423429e : add maven to build slaves <Tom Powell> 22 hours ago
 
**** github:LineageOS/hudson ****
1f17253 : hudson: Remove nicki (Sony Xperia M) <Adrian DC> 4 days ago
e28728a : hudson: Add more V20 variants <Rashed Abdel-Tawab> 2 days ago
ed1792a : Add ha3g <Sean hoyt> 4 days ago
 
**** github:LineageOS/mirror ****
2d24faf : mirror: Updated to 27-Apr-17 14:40 UTC <Tim Schumacher> 3 days ago
 
**** github:LineageOS/lineageos_updater ****
334b331 : Add Galaxy S4 Mini Dual SIM (serranodsdd) <Arne Coucheron> 2 days ago
 
**** github:LineageOS/lineage_wiki ****
010a69a : wiki: Remove nicki maintainers (Sony Xperia M) <Adrian DC> 4 days ago
1bd39c3 : wiki: costs: Update permalink <Michael W> 2 days ago
51769d8 : Update costs, add paypal <Tom Powell> 2 days ago
c235912 : devices: Add ha3g <deadman96385> 4 days ago
 
**** cmR:android_packages_apps_Settings ****
7558dfa : I like it fast -25 <ZION959> 2 years, 1 month ago
ff0a3aa : Settings: apple can do...we can do as well <Lars Greiss> 3 years ago
df80559 : Revert "Settings: Lost cached BT devices in found devices list" <huiwan> 3 months ago
9663c31 : Settings[Wifi]: fix the input invalid length for WEP encryption. <huiwan> 3 months ago
c78a1d1 : Settings: Fix internal storage summary for non-emulated storage <Dominggoes Isakh> 3 weeks ago
 
**** github:LineageOS/android_system_core ****
3efb4ec : fs_mgr: Use project pathmap for recovery <Michael Bestas> 35 hours ago
783cb54 : healthd: Use project pathmap for recovery <Tom Marshall> 2 years, 5 months ago
 
**** github:LineageOS/android_system_extras ****
f30ae7f : Use project pathmap for recovery <Michael Bestas> 35 hours ago
 
**** cmR:android_vendor_CMRemix ****
8f24c62 : fixed <ZION959> 81 minutes ago
55034a4 : cmremix: Switch to Magisk as the built in root [1/2] <ZION959> 27 hours ago
81d97e9 : add cmremix custom bootanimation <ZION959> 2 days ago
488c445 : general fixed for inline kernel building error <ZION959> 4 days ago
d7ba47e : use zion 959 blobs <ZION959> 5 days ago
a5fb842 : add trltetmo back <ZION959> 5 days ago
d67ef78 : addonsu: Add Lineage version to zip name <Michael Bestas> 34 hours ago
 
