
**** cmR:CMRemix ****
72f5632 : track external/google <ZION959> 28 minutes ago
 
**** cmR:android_frameworks_base ****
c4ab712 : Remove force weather update bits <maxwen> 10 weeks ago
 
**** cmR:android_packages_apps_CMParts ****
4e7219f : PerfProfileSettings: Update slider on powersave mode change <Gabriele M> 4 months ago
5f7bb78 : CMParts: Update quick QS pull-down summary for translation <Elektroschmock> 3 months ago
2bad1e9 : Fix reorientation of volume buttons on portrait tablets <LuK1337> 3 months ago
46e207f : Automatic translation import <Abhisek Devkota> 3 months ago
bce1aed : Automatic translation import <Abhisek Devkota> 3 months ago
1f68861 : Automatic translation import <Abhisek Devkota> 3 months ago
7d8197d : CMParts: update contributors db <Dan Pasanen> 3 months ago
7e68b15 : Automatic translation import <Abhisek Devkota> 3 months ago
296e4ae : Automatic translation import <Abhisek Devkota> 4 months ago
780f4ad : CMParts:Make Button Settings and Hardware Key Settings Non Searchable <Varun Date> 3 months ago
cf7aea8 : Automatic translation import <Michael W> 4 months ago
ac7b974 : [2/3] CMParts: single hand for hardware keys <Joey Rizzoli> 4 months ago
8716c49 : Update style to match the one of Settings <Gabriele M> 4 months ago
42ab728 : Disable quick pulldown by default <Gabriele M> 4 months ago
bb0b68b : CMParts: activate nfc trigger for system profiles <Maxim Becker> 5 months ago
b4ab507 : Automatic translation import <Abhisek Devkota> 4 months ago
2b2d92f : CMParts: KeyHandler: Add User to broadcast <Michael W> 4 months ago
4817402 : Automatic translation import <Abhisek Devkota> 4 months ago
cc00362 : CMParts: Restructure status bar settings <Hendrik Hagendorn> 5 months ago
b6c7f0b : CMParts: Fix email and browser intents <Michael W> 4 months ago
670c2ec : Automatic translation import <Abhisek Devkota> 4 months ago
2fbcf82 : CMParts: Replace variable for setup wizard complete <Paul Keith> 4 months ago
d02f378 : Automatic translation import <Abhisek Devkota> 4 months ago
e0ed192 : CMParts: Add strings for sRGB <dianlujitao> 4 months ago
5bb856b : Revert "Touchscreen gestures: remove CM Setup Wizard dependency" <Andres> 4 months ago
be502fd : Automatic translation import <Abhisek Devkota> 4 months ago
5745690 : CMParts: strings: Fix indentation <dianlujitao> 4 months ago
d0cb33a : CMParts: gestures: Specify a qualified user for update broadcast <Zhao Wei Liew> 5 months ago
570b5e5 : Automatic translation import <Abhisek Devkota> 5 months ago
d4ebc3c : Automatic translation import <Abhisek Devkota> 5 months ago
dd5649c : Add "Letter V" string <LuK1337> 5 months ago
18e8f3c : Automatic translation import <Abhisek Devkota> 5 months ago
c3b79a3 : CMParts: Clean out imports <Michael W> 5 months ago
602e9da : CMParts: Simplify long press for torch strings <Bruno Martins> 5 months ago
ae24efd : Automatic translation import <Abhisek Devkota> 5 months ago
040a398 : CMParts: Long-press power while display is off for torch <beanstown106> 1 year, 5 months ago
dac39d7 : CMParts: Clean up status bar settings class <Zhao Wei Liew> 5 months ago
5195eed : CMParts: power: Resolve 'automatic optimization' state issues <Zhao Wei Liew> 5 months ago
e4ab72a : CMParts: Update quick QS pull-down entries for RTL layouts <Zhao Wei Liew> 5 months ago
47abb9a : CMParts: Don't update status bar clock summary on RTL <Zhao Wei Liew> 5 months ago
9730b04 : CMParts: Update quick QS pull-down summary on pref change <Zhao Wei Liew> 5 months ago
b306390 : Automatic translation import <Abhisek Devkota> 5 months ago
f4a35de : Touchscreen gestures: remove CM Setup Wizard dependency <Andres> 5 months ago
6694859 : CMParts: Move status bar tap to sleep pref to Settings <Zhao Wei Liew> 5 months ago
9665e1d : CMParts: Add touchscreen gesture settings and keyhandler <Zhao Wei Liew> 5 months ago
e8261dd : CMParts: buttons: Remove double tap power for camera setting <Zhao Wei Liew> 5 months ago
fe53ebe : Automatic translation import <Abhisek Devkota> 5 months ago
6eeccc9 : Fix icon tint <westcripp> 5 months ago
f1dfd8c : Update colors.xml <Altan KRK> 5 months ago
fc15436 : CMParts: Improve stats collection summary <Zhao Wei Liew> 5 months ago
 
**** cmR:android_packages_apps_LockClock ****
83089b8 : Improve theme for upcoming CMTE compatibility <westcripp> 7 months ago
b667606 : Fix widget text colors <westcripp> 7 months ago
895f880 : lockclock: Use protected broadcasts when talking to SystemUI  * Bump the API level too <Steve Kondik> 9 months ago
9c5b976 : Force Weather Updates on Boot <Varun Date> 7 months ago
884e604 : Fix weather icons and themed dialog background <westcripp> 7 months ago
0f164b0 : Update to pixel theme <westcripp> 8 months ago
579dfca : Update timeout for force update <xyyx> 8 months ago
91442cb : Fix black color on dark forecast background <xyyx> 9 months ago
066b698 : Temp: add 10 sec to wait network <xyyx> 9 months ago
3efd319 : LockClock : Simple Weather Widget modifies image <풀그린(Fullgreen)> 1 year, 4 months ago
34e9f28 : LockClock: Don't forcefully enable widget calendar on resume <Zhao Wei Liew> 11 months ago
4d3c598 : Display humidity and wind data in forecast dialog <Martin Herndl> 1 year, 3 months ago
08fafdb : YahooWeatherProvider: Fix API URL <Zdrowy Gosciu> 1 year, 2 months ago
2a4318d : Don't warn about webkit <niks255> 1 year, 5 months ago
2912c8e : Use Open Weather by default <Corey Edwards> 1 year, 3 months ago
921c95a : LockClock : Add external facing permission grant activity <Danesh M> 1 year, 4 months ago
3b73de0 : LockClock: Enable all calendars during first time setup <Khalid Zubair> 1 year, 4 months ago
9f3952d : LockClock: Disable event calendars dialog if no calendars <Khalid Zubair> 1 year, 4 months ago
d46a1ad : LockClock: fix crash in calendar selection <Khalid Zubair> 1 year, 4 months ago
ea836fb : Revert "Force OpenWeatherMap to be the weather provider" <Corey Edwards> 1 year, 4 months ago
25a327c : LockClock : Switch over to new yahoo location api <Danesh M> 1 year, 4 months ago
03bdc69 : Force OpenWeatherMap to be the weather provider <Sultanxda> 1 year, 5 months ago
87af132 : Automatic translation import <Michael Bestas> 1 year, 5 months ago
2666bc8 : Automatic translation import <Michael Bestas> 1 year, 5 months ago
 
**** cmR:packages_services_OmniJaws ****
383e95a : use our own api keys <ZION959> 2 hours ago
 
**** cmR:android_vendor_CMRemix ****
40ceecc : build     OmniJaws & OmniStyle <ZION959> 8 hours ago
 
**** github:LineageOS/cm_platform_sdk ****
b0cd270 : [2/3] Torch long press power: add auto-off function <Sam Mortimer> 6 months ago
5c781da : Double tap to sleep anywhere on lock screen [3/3] <Matssa56> 4 weeks ago
4fb9332 : cmsdk: Disable Lockscreen Media Art [3/3] <Matssa56> 4 weeks ago
2f25936 : cmsdk: fix twilight state not updating in live display auto mode <Matthias Yzusqui> 5 weeks ago
be5430f : Automatic translation import <Abhisek Devkota> 6 weeks ago
af33af3 : cmsdk: Add CMSettings option for QS auto brightness <Michael Bestas> 8 weeks ago
bc244cf : Automatic translation import <Abhisek Devkota> 8 weeks ago
6bd7762 : Protect system profiles related broadcasts <Gabriele M> 2 months ago
5f9a738 : Automatic translation import <Abhisek Devkota> 10 weeks ago
62576c7 : PerformanceManager: Don't override the user preference <Gabriele M> 4 months ago
ef95847 : PerformanceManager: Don't force powersave mode with powersave profile <Gabriele M> 4 months ago
4df71fb : Automatic translation import <Abhisek Devkota> 3 months ago
e416c6e : Automatic translation import <Abhisek Devkota> 3 months ago
1f1f69b : Automatic translation import <Abhisek Devkota> 3 months ago
f70e2d0 : Automatic translation import <Abhisek Devkota> 3 months ago
9939f9a : Automatic translation import <Abhisek Devkota> 4 months ago
487c23e : CMSDK: Tests: AIRPLANE_MODE_ON has moved <Michael W> 4 months ago
6faef17 : Automatic translation import <Michael W> 4 months ago
4f9da16 : [3/3] cmsdk: single hand for hw keys <Joey Rizzoli> 4 months ago
11c5a24 : CMPartsPreference: Update PreferenceScreen theme <Gabriele M> 4 months ago
6a5693a : Automatic translation import <Abhisek Devkota> 4 months ago
8155c99 : Automatic translation import <Abhisek Devkota> 4 months ago
0c75bfe : CMSettingsProvider: remove per-user cursor observation <Danny Baumann> 4 months ago
0859764 : cmsdk: Remove launch boost support <Zhao Wei Liew> 5 months ago
311515b : Automatic translation import <Abhisek Devkota> 4 months ago
dba81b3 : Add a proper description for CM_SETUP_WIZARD_COMPLETED deprecation <Zhao Wei Liew> 4 months ago
6171436 : cmsdk: Deprecate CM_SETUP_WIZARD_COMPLETED <Paul Keith> 4 months ago
8baffef : Automatic translation import <Abhisek Devkota> 4 months ago
e28fc9d : RemotePreferenceManager: Fix receiver registration issues. <Danny Baumann> 5 months ago
e0fde0e : Automatic translation import <Abhisek Devkota> 5 months ago
3a3dd65 : Automatic translation import <Abhisek Devkota> 5 months ago
ac95f68 : Automatic translation import <Abhisek Devkota> 5 months ago
b55d5ca : CMSDK: Add long-press power for torch CMSetting <Zhao Wei Liew> 7 months ago
3a2c4be : cmsdk: PerformanceManager: Update POWER_HINT_SET_PROFILE value <Zhao Wei Liew> 5 months ago
0f02f65 : Automatic translation import <Abhisek Devkota> 5 months ago
b26d017 : cmsdk: Add touchscreen gestures support <Zhao Wei Liew> 7 months ago
51dc7e3 : cmsdk: Add DeviceKeyHandler overlays <Zhao Wei Liew> 7 months ago
8a30161 : Automatic translation import <Abhisek Devkota> 5 months ago
3b1686c : Automatic translation import <pinky@build01> 6 months ago
69113e6 : cmsdk: cmhw: Deprecate TAP_TO_WAKE feature <Zhao Wei Liew> 7 months ago
5eb2779 : Add generic support for Lid Cover Apps <jrior001> 7 months ago
df0b255 : cmsdk: Fix @deprecated annotation mismatch warnings <Zhao Wei Liew> 5 months ago
c66a504 : cmsdk: Update README references for LineageOS <Zhao Wei Liew> 5 months ago
0876797 : cmsdk: fix update path for version 7 <Christian Morlok> 6 months ago
366bca7 : cmsdk: remove 'hide clock' option from clock position tunable <Hendrik Hagendorn> 7 months ago
13bd2b7 : cmsdk: Cyanogen >> Lineage <Simon Shields> 6 months ago
f66111d : cmsdk: Deprecate STATS_COLLECTION_REPORTED CMSetting <Zhao Wei Liew> 6 months ago
c6e0dff : CMSDK: Fix battery styles <westcripp> 6 months ago
f6c3054 : Fix Settings FC for Battery Styles <Varun Date> 6 months ago
 
