
**** cmR:CHANGELOGS ****
361ed09 : update changelog 1-15-2017 <ZION959> 2 days ago
 
**** cmR:CMRemix ****
e8b7b16 : manifest: android-7.1.1_r6 -> android-7.1.1_r9 <Dan Pasanen> 13 days ago
 
**** github:CMRemix/android_device_lge_h918 ****
78ea2fa : switch to cmremix_h918_defconfig <ZION959> 29 hours ago
 
**** github:CMRemix/android_device_qcom_common ****
4d5a288 : extractors: Add msm8952 blobs <Rashed Abdel-Tawab> 4 days ago
f666741 : Revert "extractors: Update msm8996 graphics blobs info" <Dan Pasanen> 5 days ago
8db80fa : Revert "extractors: Add msm8996 32bit libmm-disp-apis and libmm-qdcm" <Dan Pasanen> 5 days ago
 
**** aosp:platform/external/libhevc ****
a33f672 : Handle invalid slice_address in slice header <Harish Mahendrakar> 10 weeks ago
 
**** aosp:platform/external/libnl ****
f0b4019 : libnl: Check data length in nla_reserve / nla_put <Paul Stewart> 3 months ago
 
**** aosp:platform/external/libopus ****
0d052d6 : Ensure that NLSF cannot be negative when computing a min distance between them <Felicia Lim> 6 months ago
 
**** aosp:platform/external/libvpx ****
6886e8e : vp8:fix threading issues <Marco Nelissen> 9 weeks ago
 
**** aosp:platform/external/tremolo ****
5dc9923 : Tremolo: fix ARM assembly code for decode_map type 3 case <Marco Nelissen> 3 months ago
 
**** cmR:android_frameworks_base ****
97fb351 : Custom ambient display settings (1/2) <Varun Date> 4 months ago
9cbed70 : fixed build for tiles <ZION959> 21 hours ago
1a3585e : revert: SystemUI: add volume tones back [1/2] <ZION959> 21 hours ago
c959ac2 : derp fixed <ZION959> 21 hours ago
b184df6 : derp <ZION959> 29 hours ago
842f728 : Return: Smart Pulldown [1/2][Squashed] <Lars Greiss> 2 years, 2 months ago
5f1332a : QS: Add toggle for fancy QS animation [1/2] <BeansTown106> 4 months ago
5b3bfe8 : Fix merge derp <Varun Date> 4 months ago
d57f142 : FW/B: Add back volume up/down effect <Josh Chasky> 7 months ago
6b8e380 : SystemUI: add volume tones back [1/2] <Roman Birg> 12 months ago
c38d665 : SysUI:Fix Membar Updating on Task Clear <Varun Date> 4 months ago
653a0aa : fwb: Bring in helpers <LorDClockaN> 1 year, 7 months ago
b474db2 : Max Lockscreen Notification count [1/2] <beanstown106> 1 year, 1 month ago
9952725 : Disable Lockscreen Media Art [1/2] * toggle to choose whether or not to show album art/media art on lockscreen <beanstown106> 1 year, 3 months ago
c9d7c92 : Data tile: make it customizable by the user [1/2] <ezio84> 4 months ago
9551c41 : Longpress back to kill app [1/2] <zephiK> 1 year, 3 months ago
77258e4 : Added show volume panel tile to QS <stofstik> 4 months ago
186e155 : Add Sound tile to Quick Settings <Yoshinori Hirano> 4 months ago
fc8fe9a : FWB: Disable/Enable screenshot sound [1/2] <htchoi1995> 1 year ago
31ebf7d : FWB: LS clock fonts: Add more fonts (1/2) <LorDClockaN> 1 year ago
a6ad8a5 : Lockscreen Clock Widget Fonts [1/2] <Alex Cruz> 1 year, 1 month ago
fc190f5 : Lockscreen shortcuts improvements 2/2 <rogersb11> 1 year, 1 month ago
f2bf1df : Base : Add more lockscreen shortcut custom icons Part2 <westcripp> 2 years ago
0ce93fd : Base:Add new 73 hd lockscreen shortcus icons <westcripp> 2 years ago
1a5db81 : Base : Update default material popup animations <westcripp> 1 year ago
7a528ec : Frameworks: rest of shortcut icons by Sven R. <Sven R> 2 years, 1 month ago
c52c42b : Frameworks: moar shortcut icons by Sven R. <Sven R> 2 years, 1 month ago
f2b6fa8 : Frameworks: icon materialization <dankoman> 2 years, 1 month ago
695a2d2 : SystemUI: vector support for action icons <Daniel Koman> 1 year, 8 months ago
cd4115d : squash Frameworks: Keyguard - Add user configurable shortcuts <Lars Greiss> 2 years, 2 months ago
8287a6e : Frameworks: inital bringup of slim actions and helper classes <Lars Greiss> 2 years, 1 month ago
6175ceb : Add several Slim helper classes and constants back <Lars Greiss> 2 years, 2 months ago
e5be442 : Fingerprint authentication vibration [1/2] <beanstown106> 1 year ago
85d8dda : Keyguard statusbar clock [1/2] <Alex Cruz> 11 months ago
85eb32a : Hide Lockscreen clock & date [1/2] <Alex Cruz> 12 months ago
4329b46 : sensors: Allow opting out of default batch size <Paul Keith> 2 days ago
638fe75 : [SQUASHED] Frameworks: Cleanup and remove duplicate sounds <PMS22> 8 weeks ago
 
**** aosp:platform/frameworks/ex ****
7f0e3da : resolve merge conflicts of 3802db4 to mnc-dev <Chris Craik> 9 weeks ago
 
**** github:LineageOS/android_hardware_intel_common_omx-components ****
5abed81 : omx-component: fix video corruption <Benoît Laniel> 1 year, 1 month ago
 
**** github:LineageOS/android_hardware_intel_img_psb_headers ****
7bb0667 : Allow clovertrail to include vbp_loader.h header <Jason Riordan> 8 months ago
 
**** github:LineageOS/android_hardware_intel_img_psb_video ****
72b4180 : Encode: correctly handle VAConfig attributes on medfield/CTP <Benoît Laniel> 1 year, 2 months ago
e987d59 : Fix video encoding on clovertrail <Benoît Laniel> 1 year, 6 months ago
399140b : Add clovertrail support (based on the tree at 686e11709b57bc57ee94c3166f187fec959fd43b) <Benoît Laniel> 1 year, 8 months ago
747765a : Cleanup pvr_drv_video makefile for clovertrail support <Benoît Laniel> 1 year, 8 months ago
 
**** github:LineageOS/android_hardware_qcom_audio ****
42fd8b9 : Fix security vulnerability: Equalizer command might allow negative indexes <rago> 3 months ago
b9cbb87 : Fix security vulnerability: Effect command might allow negative indexes <rago> 9 weeks ago
 
**** github:LineageOS/android_hardware_qcom_audio ****
af95d62 : Fix security vulnerability: Equalizer command might allow negative indexes <rago> 3 months ago
c0f34fd : Fix security vulnerability: Effect command might allow negative indexes <rago> 9 weeks ago
 
**** github:LineageOS/android_hardware_qcom_audio ****
7b2cdc3 : Fix security vulnerability: Equalizer command might allow negative indexes <rago> 3 months ago
d3b387e : Fix security vulnerability: Effect command might allow negative indexes <rago> 9 weeks ago
 
**** github:LineageOS/android_hardware_qcom_audio ****
89ea159 : Fix security vulnerability: Equalizer command might allow negative indexes <rago> 3 months ago
cefa8c2 : Fix security vulnerability: Effect command might allow negative indexes <rago> 9 weeks ago
 
**** github:LineageOS/android_hardware_qcom_audio ****
2eab42c : Fix security vulnerability: Equalizer command might allow negative indexes <rago> 3 months ago
730371f : Fix security vulnerability: Effect command might allow negative indexes <rago> 9 weeks ago
 
**** github:LineageOS/android_hardware_qcom_audio ****
61970b6 : Fix security vulnerability: Equalizer command might allow negative indexes <rago> 3 months ago
3a6ccb7 : Fix security vulnerability: Effect command might allow negative indexes <rago> 9 weeks ago
 
**** github:LineageOS/android_hardware_qcom_audio ****
ff84df6 : Fix security vulnerability: Equalizer command might allow negative indexes <rago> 3 months ago
87d52fd : Fix security vulnerability: Effect command might allow negative indexes <rago> 9 weeks ago
 
**** github:LineageOS/android_hardware_qcom_fm ****
4c0b246 : fm: do not build for BCM FM devices <David> 2 days ago
 
**** github:LineageOS/android_hardware_qcom_keymaster ****
9fa20f3 : keymaster: add support for samsung 'skeymast' <placiano> 8 months ago
 
**** github:LineageOS/android_packages_apps_Bluetooth ****
36ec67c : cleanup unused resource strings <Marie Janssen> 13 days ago
 
**** cmR:android_packages_apps_CMParts ****
6026784 : CMParts: profiles: Remove old PagerTabStrip hack <Zhao Wei Liew> 35 hours ago
1c156bf : ButtonBacklight: Preview timeout once user stops dragging <Zhao Wei Liew> 2 days ago
7122e3c : CMParts: Update button backlight brightness in real time <nijel8> 10 days ago
b5ccea2 : ExpandedDesktop: Don't re-populate the app list in rebuild() <Zhao Wei Liew> 4 days ago
bebd8d7 : CMParts: Fix expandable desktop <Michael W> 7 days ago
 
**** github:LineageOS/android_packages_apps_CMUpdater ****
7f7d8a0 : DownloadCompleteIntentService: add missing import <Simon Shields> 6 days ago
2e8c54e : CMUpdater: include ro.build.version.incremental in request <Dan Pasanen> 6 days ago
0796b21 : CMUpdater: remove support for incremental updates <Dan Pasanen> 7 days ago
6e2947a : Updater: support new server-side API <Simon Shields> 9 days ago
d4a46d3 : Updater: aapt rename package to org.lineageos.updater <Joey Rizzoli> 2 weeks ago
d95ffa2 : verify the signature rather than md5 <Daniel Micay> 7 weeks ago
897de43 : remove external storage permission <Daniel Micay> 1 year ago
51218b8 : Revert "CMUpdater: Check permissions for external storage" <Daniel Micay> 7 months ago
11cc93b : use a private directory for updates <Daniel Micay> 1 year ago
9b073c7 : make the download private <Daniel Micay> 1 year ago
999e03c : use DownloadManager's openDownloadedFile method <Daniel Micay> 1 year ago
3d350c7 : Revert "CMUpdater: Fix OTA on encrypted devices" <Daniel Micay> 8 months ago
 
**** github:LineageOS/android_packages_apps_Dialer ****
4ff2151 : Dialer: Fix translations <Michael W> 3 days ago
b828cf4 : Move CAF strings to cm_strings and fix wrong line breaks. <PMS22> 10 days ago
 
**** github:LineageOS/android_packages_apps_Email ****
592c2e3 : Revert "Add account" <Dan Pasanen> 5 days ago
 
**** cmR:android_packages_apps_Settings ****
6b37b97 : derp fixed <ZION959> 18 hours ago
b0c7916 : Settings:Add clock/date in recents while in fullscreen mode (2/2) <Davor Bertovic> 1 year ago
68f0bad : Return: Smart Pulldown [2/2] <Lars Greiss> 2 years, 2 months ago
2d708c2 : QS: Add toggle for fancy QS animation [2/2] <ZION959> 19 hours ago
cbbd803 : FixUp & Cleanups <ZION959> 20 hours ago
2e81317 : Max Lockscreen Notification count [2/2] <beanstown106> 20 hours ago
86ef02d : Disable Lockscreen Media Art [2/2] <beanstown106> 20 hours ago
d50fed8 : Data tile: make it customizable by the user [2/2] <ZION959> 20 hours ago
65e8094 : Longpress back to kill app [2/2] <ZION959> 20 hours ago
1ecbffd : OtherSounds: Disable/Enable screenshot sound [2/2] <ZION959> 20 hours ago
539a029 : LS clock fonts: Add more fonts (1/2) <Davor Bertovic> 1 year ago
785b652 : Lockscreen Clock Widget Fonts [2/2] <Alex Cruz> 20 hours ago
0f3639a : Quick settings: Add Haptic Feedback to tiles [2/2] <ZION959> 20 hours ago
7a71bb4 : Fingerprint authentication vibration [2/2] <ZION959> 20 hours ago
d90a07c : Keyguard statusbar clock [2/2] <Alex Cruz> 20 hours ago
648d965 : Hide Lockscreen clock & date [2/2] <Alex Cruz> 12 months ago
e91fdfa : DSLV: Resize system icons to match vector drawable size <fusionjack> 1 year, 7 months ago
0e80500 : Lockscreen shortcuts improvements 1/2 <rogersb11> 1 year, 1 month ago
52a79af : dslv: Remove add icon. We already have a FAB <mydongistiny> 1 year, 1 month ago
f0e1858 : Settings :Add new lockscreen shortcus icons <westcripp> 1 year, 2 months ago
8c83474 : Settings : Add lockscreen shortcuts <mydongistiny> 1 year, 2 months ago
e5a2d1f : Slim DSLV improvement <XXMrHyde> 1 year, 5 months ago
a5627eb : Lockscreen Shorcuts [2/2] <ZION959> 20 hours ago
721cf24 : suquash Settings: add user configurable lockscreen shortcuts (2/2) <ZION959> 20 hours ago
ac1233b : Settings: Materialize DSLV <Lars Greiss> 2 years, 1 month ago
1ba4d38 : add dslv controller <Lars Greiss> 3 years, 3 months ago
41ecaf5 : Settings: add central slim ActionListViewSettings class back... <ZION959> 20 hours ago
5430535 : Selinux Switch <ZION959> 20 hours ago
e82adaf : Settings : Statusbar BatteryBar (2/2) FixUp & Cleanups <ZION959> 2 days ago
 
**** github:LineageOS/android_packages_apps_SetupWizard ****
52a78fd : SetupWizard: rebrand to LineageOS <Joey Rizzoli> 3 weeks ago
 
**** github:CMRemix/android_packages_apps_Snap-dual-camera ****
32825fc : Snap: CAF strings cleanup second interation <Michael W> 3 days ago
65bec49 : Snap: Fix missing untranslatables <Michael W> 4 days ago
69b66d2 : Fix camera controls rotation. <Danny Baumann> 9 days ago
2876bc5 : Snap: Replace strings <Michael W> 5 days ago
acd2288 : Snap: Fix whitespace issues <Michael W> 6 days ago
70cf903 : Snap: Fix untranslatable strings <Michael W> 6 days ago
 
**** github:LineageOS/android_packages_services_Telephony ****
0245fca : Telephony: Fix translations <Michael W> 3 days ago
ebdfcc3 : Telephony: Number of slot should start with 1 <Michael W> 2 weeks ago
 
**** github:LineageOS/android_system_bt ****
cc99880 : bt: Allowed WBS to be disabled when building with QTI_SW <Christopher R. Palmer> 5 days ago
 
**** cmR:cm_platform_sdk ****
cf51b67 : cmsdk: Fix @deprecated annotation mismatch warnings <Zhao Wei Liew> 2 days ago
05f0c40 : cmsdk: Update README references for LineageOS <Zhao Wei Liew> 3 days ago
 
