
**** cmR:CHANGELOGS ****
876e6ad : update changelog 1-1-2017 <ZION959> 18 hours ago
 
**** github:CMRemix/android_device_lge_v20-common ****
3c10734 : back to snapdragon clang <ZION959> 2 hours ago
58aa9f4 : g5: fix gps configuration <Kinglilrowrow> 2 days ago
b309dd3 : g5: remove BACKLIGHT_PATH it’s useless <Kinglilrowrow> 2 days ago
9b9c5ac : g5: add LGPocketMode <Kinglilrowrow> 3 days ago
21ea2d0 : g5: overlays: disable proximityCheckOnWakeEnabledByDefault <Kinglilrowrow> 3 days ago
652471f : g5: rootdir: start baseband script “on early-boot” <Kinglilrowrow> 3 days ago
63edf99 : Revert "g5: Build libvolumelistener" <Kinglilrowrow> 3 days ago
972b2a4 : g5: remove unused path for tap-to-wake <Kinglilrowrow> 3 days ago
be18d27 : g5: switch to laos charger libhealthd <Kinglilrowrow> 4 days ago
cce1b90 : g5: disable BOARD_SUPPORTS_SOUND_TRIGGER <Kinglilrowrow> 4 days ago
da05d37 : g5: set TARGET_KERNEL_HEADER_ARCH <Kinglilrowrow> 4 days ago
9714fa1 : g5: rootdir: on charger persist charging <Kinglilrowrow> 4 days ago
c6a43a8 : g5: rootdir: allow execute of the set_baseband script <Kinglilrowrow> 4 days ago
fc9d883 : Revert "g5: Update GPS blobs" <Rashed Abdel-Tawab> 7 days ago
93caae6 : g5: Build libvolumelistener <Rashed Abdel-Tawab> 7 days ago
f58c241 : g5: Update tethering overlays and cleanup config.xml <Rashed Abdel-Tawab> 7 days ago
72cd615 : g5: Add colorservice apk <Rashed Abdel-Tawab> 8 days ago
aeb30e8 : g5: Pin vendor/lib64/libsecureui.so and remove 32bit secureUI <Rashed Abdel-Tawab> 8 days ago
49e0015 : v20: Update telephony blobs and move to QCPATH guard <Rashed Abdel-Tawab> 8 days ago
814ec19 : v20: Update GPS blobs <Rashed Abdel-Tawab> 8 days ago
75a662b : v20: Remove useless factorytest prop and add pickup sensor prop <Rashed Abdel-Tawab> 8 days ago
1b79640 : g5: Change offloading buffer size to 64kb <Rashed Abdel-Tawab> 8 days ago
beee537 : g5: Set media.camera.ts.monotonic for video recording <Rashed Abdel-Tawab> 8 days ago
30e84f5 : g5: Bulk camera prop updates <Rashed Abdel-Tawab> 9 days ago
6421ffb : disable sdclang/ we use dtc clang to compile <ZION959> 16 hours ago
 
**** cmR:android_frameworks_base ****
0926d7f : TrafficMeter: fix auto hiding when Bytes is set as the unit (reverted from commit b1a5530892b94592016921a577c9e7e9a932e5c0) <ZION959> 27 seconds ago
73b4933 : TrafficMeter: fix monitor visibility when wifi or mobile data is disabled <ZION959> 46 seconds ago
3b7ebdd : Hide arrows in network traffic indicators [1/2] <ZION959> 65 seconds ago
0908c2d : FWB:Add Network Traffic Missing Import & Fix Arrow Hiding <ZION959> 80 seconds ago
c53c79f : [squash] revert: Screen Recording: forward port from 4.4 <ZION959> 15 minutes ago
 
**** github:LineageOS/android_packages_apps_CMParts ****
a34d3e5 : CMParts: Properly fix auto-power-save string format exception <Zhao Wei Liew> 10 days ago
 
**** cmR:android_packages_apps_Settings ****
4012ed2 : make cmremix icon bigger <ZION959> 8 minutes ago
 
**** github:CMRemix/android_packages_apps_Snap-dual-camera ****
396c493 : snap-dual-camera: initial commit <Aaron Doe> 7 weeks ago
 
**** aosp:platform/prebuilts/ninja/linux-x86 ****
50d4ceb : Optimize ninja <Joe Maples> 11 days ago
 
