
**** cmR:CMRemix ****
c556ae4 : copy build-cmremix.sh from cm/vendor/tools to main folder <ZION959> 3 hours ago
 
**** github:CMRemix/android_device_lge_g5-common ****
9e786a0 : g5: persist usb charging <Aaron Doe> 8 hours ago
16d877a : selinux=permissive <ZION959> 3 hours ago
96e54aa : set g5 to 560 dpi <ZION959> 10 hours ago
b9abc83 : g5: Set Bluesleep permissions <Aaron Doe> 29 hours ago
 
**** github:CMRemix/android_device_lge_h830 ****
d1bff47 : g5: fix bluesleep wakelock <Aaron Doe> 28 hours ago
 
**** github:CMRemix/android_device_qcom_common ****
f3f4126 : power: msm8937: Improve boost values <Zhao Wei Liew> 4 weeks ago
b82d454 : power: msm8937: Remove display_hint_sent usage <Zhao Wei Liew> 5 days ago
e380dc7 : power: msm8937: Fix build warnings <Zhao Wei Liew> 9 days ago
da4b8fa : qc: Add guard makefile for binaries repo <Steve Kondik> 6 days ago
 
**** github:CyanogenMod/android_external_fsck_msdos ****
674d58f : fsck_msdos: Don't use Snapdragon LLVM <Ethan Chen> 4 days ago
 
**** cmR:android_frameworks_base ****
0f6728d : Base: fix the default icon for lockscreen shortcuts customisation <Arham Jamal> 10 months ago
4c1bc4b : SystemUI: Fix volume panel inconsistencies <Michael Bestas> 9 months ago
1ed703f : Include material ringtones and notification sounds <Zyg0te> 1 year, 10 months ago
a264b5a : Sounds: Cleanup duplicate ringtones/alarms <Matt Mower> 1 year, 11 months ago
14c4c04 : Revert "zygote: Allow device to append extra whitelisted paths" <Danny Baumann> 2 days ago
72d4dcf : Add back button to navbar tuner <LuK1337> 2 days ago
8a059b0 : Handle onOptionsItemSelected for TunerActivity <LuK1337> 2 days ago
 
**** github:CyanogenMod/android_frameworks_opt_net_wifi ****
a5190f3 : WifiQualifiedNetworkSelector: turn down the logspam <Simon Shields> 2 days ago
 
**** github:CyanogenMod/android_hardware_qcom_media ****
c69ed02 : media: Correct symlink for msm8084 <razorloves> 22 hours ago
88d7385 : media: Undo damage to pathmapping <Ethan Chen> 2 days ago
 
**** github:CyanogenMod/android_packages_apps_Contacts ****
45d4272 : Fix NPE when 'merge contacts' encounters unknown names. <Danny Baumann> 4 days ago
 
**** github:CyanogenMod/android_packages_apps_Dialer ****
a2e2866 : InCallUI: Use proper sub IDs <Gabriele M> 16 hours ago
 
**** github:CyanogenMod/android_packages_apps_Screencast ****
8a6711c : screencast: Fix the recording timer notification <Adrian DC> 2 days ago
 
**** cmR:android_packages_apps_Settings ****
3c40a45 : CMRemix Version <ZION959> 2 hours ago
5a0c426 : settings: Move Emergency broadcasts to Wireless & networks <Adrian DC> 2 days ago
99f52ca : Settings : Improve app info screen <Danesh M> 10 months ago
bff49d9 : Settings: add marquee to Device administrators screen <Roman Birg> 1 year, 6 months ago
fbb687e : Settings: Add Cyanogenmod legal info <Roman Birg> 1 year, 7 months ago
11a57cb : Settings: Use correct icon for ring volume <Michael Bestas> 9 months ago
 
**** github:CyanogenMod/android_packages_apps_Trebuchet ****
444e057 : [DO NOT MERGE] Address some spacing issues in all apps related to new support library <Adam Cohen> 7 months ago
a77e9b7 : Adding small padding between icons in AllApps. <Winson> 1 year, 2 months ago
b0111a5 : Compressing Launcher resources. <Winson> 1 year, 2 months ago
 
**** github:CyanogenMod/android_packages_inputmethods_LatinIME ****
c356a1d : LatinIME: disable sound on keypress on all devices by default <Dan Pasanen> 33 hours ago
 
**** github:CyanogenMod/android_packages_services_Telecomm ****
b115d74 : Telecom: Ues proper sub IDs <Gabriele M> 16 hours ago
 
**** github:CyanogenMod/android_packages_services_Telephony ****
929b3e7 : Revert "Add support for DSDA" <Gabriele M> 2 days ago
 
**** github:CyanogenMod/android_system_core ****
dc67229 : init: Allow devices to opt-out of fsck'ing on power off <Christopher R. Palmer> 6 months ago
db04cb7 : healthd: allow custom charger images <Scott Mertz> 1 year, 8 months ago
f422f00 : init: Fix possible open file pointer <Michael W> 2 days ago
422f671 : healthd: dock battery <Jorge Ruesga> 1 year, 5 months ago
deda0d8 : healthd: Detect power supply type for all charger devices <myfluxi> 1 year, 11 months ago
dde613d : Revert "healthd: dock battery" <Luca Stefani> 3 days ago
 
**** cmR:android_vendor_cm ****
be2fca1 : apns: Add Reliance Jio apn's <Hriday Sharma> 3 days ago
2a5d907 : qcom_target: Remove unused support for CAF manifests <Ethan Chen> 2 days ago
367802b : qcom_target: Remove unused sony HAL support <Ethan Chen> 2 days ago
3681177 : qcom_target: Restore original AOSP hardware/qcom/media pathmap <Ethan Chen> 2 days ago
aa92150 : config: Add missing \ in bootanimation pick <Luca Stefani> 2 days ago
 
**** github:CMRemix/proprietary_vendor_lge ****
bc0bef8 : g5: add some missing vendor blobs <Aaron Doe> 13 hours ago
 
**** github:CMRemix/android_vendor_nxp-nfc_opensource_Nfc ****
6a707cc : NFC: Fix deadlock issues in NfcService <Gaurav Singhal> 4 months ago
d33202c : NFC: Dynamic config file selection based on target <Abinaya Selvaraj> 3 months ago
b394dd5 : NFC: UI freeze on WiFi connect using Tag <Gaurav Singhal> 10 weeks ago
 
**** github:CMRemix/android_vendor_nxp-nfc_opensource_libnfc-nci ****
917a002 : NFC: Dynamic config file selection based on target <Abinaya Selvaraj> 3 months ago
 
**** github:CMRemix/proprietary_vendor_qcom_binaries ****
1b6c49e : qcom-binaries: Update makefiles <Steve Kondik> 6 days ago
 
