
**** cmR:CHANGELOGS ****
e8b60b9 : update 7-5-2018 <ZION959> 22 hours ago
 
**** cmR:android_frameworks_base ****
c17acb6 : base: SystemUI: dont hide navbar for screenshot crop <maxwen> 5 months ago
1f12c22 : ScreenshotEditor: Fix Navbar Glitch for Good. <Varun Date> 3 months ago
19868e5 : Fix partial screenshot not working when dragging from left or top border <Ezio Lacandia Bijelkic> 3 months ago
78aa489 : Partial screenshot: fix SystemUI fc <Ezio Lacandia Bijelkic> 4 months ago
d1e4e4a : GlobalScreenShot:Fix Unused Calls <xyyx> 5 months ago
0f04dd5 : Fix playing screenshot's sound when camera's sounds off <xyyx> 6 months ago
29f6133 : Fix screenshot Crop & Share pen size preview color -Menu icons was invisible <westcripp> 7 months ago
08a456c : [1/2] base: Screenshot Crop & Share <Daniel Huber> 1 year, 1 month ago
21c7c7b : Fix possible NPE <Alex Cruz> 8 months ago
855aa62 : Partial screenshot aborted by user: show a less troubled warning <Ezio Lacandia Bijelkic> 8 months ago
2d62fc0 : revert: Create a global registry for system message IDs <ZION959> 3 hours ago
6b6c4c9 : revert: Decrease frequency of high temp warnings <ZION959> 3 hours ago
a45e232 : fb: add back all keyboard IME features back (1/2) <Lars Greiss> 7 months ago
a0843b2 : Clock Seconds Options [1/2] <beanstown106> 7 months ago
 
**** github:CMRemix/android_kernel_samsung_trlte ****
5c1936c : intelli_thermal v3.0: initial coding for Linux 3.10 Qualcomm kernels <ZION959> 2 hours ago
7bfcacb : revert: Add faux'es IntelliThermal <ZION959> 2 hours ago
61af0e2 : revert: trlte CPU Overclocking, add steps to 3.09GHz, use boot parameter cpu_max_freq to raise max_freq over 2.64GHz <ZION959> 2 hours ago
7f56753 : msm: zen_decision: Don't set default settings in zd_probe <Brandon Berhent> 2 years, 2 months ago
493ad9e : msm: zen_decision: I'm a dummy - Correctly allow bat_threshold_ignore to be changed in the userspace... <Brandon Berhent> 2 years, 2 months ago
5d06fe3 : msm: zen_decision: Missed f(x) name change <Brandon Berhent> 2 years, 2 months ago
83e00a1 : msm: zen_decision: Only call INIT_DELAYED_WORK once - Only call it once, not every time we want to run a thread - Rename some functions for clarity <Brandon Berhent> 2 years, 2 months ago
ffe9378 : msm: zen_decision: change queue_delayed_work_on to queue_delayed_work - Not necessary to explicitly queue work on CPU0 anymore <Brandon Berhent> 2 years, 2 months ago
eb847ff : msm: zen_decision: Use WQ_UNBOUND and max_active = 1 when allocating WQ - Set WQ_UNBOUND flag on alloc_workqueue which gives the CPU scheduler freedom to move it to other CPUs - Pass 1 as max_active, ensure only 1 task is running at a time from the WQ <Brandon Berhent> 2 years, 2 months ago
b535fcf : msm_zen_decision: disable by default - What this does now with screen off/on doesn't really have a point. I thought MPDec was messing with this before. - Leaving for future expansion <Brandon Berhent> 2 years, 2 months ago
1bfefb2 : msm: zen_decision: remove unnecessary logic - The iteration over offline CPUs doesn't need an explicit check for CPU0 because CPU0 will never be part of the iteration. <Brandon Berhent> 2 years, 2 months ago
25b79c3 : msm_zen_decision: some cleanups - Cleanup some commnets and Kconfig description <Brandon Berhent> 2 years, 2 months ago
3158aca : msm: zen_decision v2.0 - Different functionality than v1.0, the following is the complete functionality: - On screen ON, queue worker thread to bring all CPUs online after wake_wait_time - If current "battery" device level is <= bat_threshold_ignore, don't do any CPU_UP work to account for MSMThermal default activity <Brandon Berhent> 2 years, 2 months ago
6ebeec3 : msm_zen_decision: disable by default - What this does now with screen off/on doesn't really have a point. I thought MPDec was messing with this before. - Leaving for future expansion <Brandon Berhent> 2 years, 2 months ago
230acca : msm_zen_decision: use per-cpu mutex to synchronize hotplug operations <Brandon Berhent> 2 years, 2 months ago
564040f : msm_zen_decision: General fixes and cleanup - Actually use "enabled" to disable the driver - Actually allow suspend_wait_time to change > 0 - Restrict suspend_wait_time to a maximum of 60s <Brandon Berhent> 2 years, 2 months ago
5cace04 : msm: add msm_zen_decision (bbedward) This adds a simple driver intended to allow the MPDecision service to be disabled. The driver is easily extendable, but currently it: - Can be enabled/disabled in /sys/kernel/zen_decision/enabled - On screen power OFF it removes all cpu cores after suspend_wait_time - On screen power ON it enables all cpu cores. - /sys/kernel/zen_decision/suspend_wait_time (ms) refers to how long we wait after screen is off to remove the cores (default 5s). This just to avoid removing cores in excess. <ZION959> 4 hours ago
d2e11e7 : cpufreq: force cpuN policy to match cpu0 when setting min freq <imoseyon> 2 years, 7 months ago
4f5a264 : cpufreq: force cpuN policy to match cpu0 when changing freq or gov <imoseyon> 2 years, 7 months ago
d1c82d7 : trlte kernel: fix stuck CPU frequencies <gekkehenkie11> 2 years ago
f83cab8 : Add SIO i/o schedulers <ZION959> 1 year, 5 months ago
e1ad760 : trlte CPU Overclocking, add steps to 3.09GHz, use boot parameter cpu_max_freq to raise max_freq over 2.64GHz <ZION959> 26 hours ago
5622c10 : revert : trlte: CPU overclocking to 3.03ghz <ZION959> 26 hours ago
 
**** cmR:android_packages_apps_Settings ****
4a57bdf : update cmremix_arrays.xml to fixed some issues <ZION959> 3 hours ago
597f6b2 : Settings: add back all keyboard IME features back (2/2) <Lars Greiss> 24 hours ago
bb2d39b : Batterybar Settings: Fix Color Previews <Varun Date> 4 months ago
49e21cc : Clock Seconds Options [2/2] <beanstown106> 7 months ago
3c3943d : Bring in PA Battery Style <Willi Ye> 6 months ago
4235a49 : Battery percentage large text switch [2/2] <Shaun Eaton> 25 hours ago
1903363 :  Allow to set a different battery style for tile and statusbar [2/2] <ezio84> 25 hours ago
c594a61 : Battery: allow set a custom symbol near text pct on charging [2/2] <ezio84> 7 months ago
e005def : Battery tile: allow to disable custom battery style [2/2] <ezio84> 26 hours ago
32a37f6 : Battery icon: let disable force text outside icon when charging [2/2] <ezio84> 26 hours ago
5f65405 : Battery icon: allow to set a custom charging color [2/2] <ezio84> 7 months ago
 
**** github:CMRemix/zion959-proprietary_vendor_samsung ****
ae8a8e2 : add back sony_timekeep to dependencies <ZION959> 81 minutes ago


**** cmR:CMRemix ****
9a9e861 : revert: track external/google <ZION959> 17 hours ago
632a88e : track external/google <ZION959> 23 hours ago
 
**** cmR:android_build ****
d4dd657 : build: Update make installclean <Lokesh Chamane> 1 year, 4 months ago
ed74215 : build: add "changelog" installclean logic <ZION959> 1 year, 3 months ago
 
**** github:CMRemix/android_device_samsung_trlte-common ****
c82247c : switch to cmremix defcofig <ZION959> 6 hours ago
775678a : switch to lineageos_trlte_defconfig <ZION959> 8 hours ago
 
**** cmR:android_frameworks_base ****
a8c4975 : SystemUI: Improve superuser status bar icon switch - Works little better than before <westcripp> 8 months ago
e3c2fff : Battery: allow set a custom symbol near text pct on charging [1/2] <Ezio Lacandia Bijelkic> 7 months ago
e7b6626 : trlte-common: fixed time issue <ZION959> 4 hours ago
e8b2a6a : Battery icon: Improve theme compatibility <Pranav Vashi> 2 weeks ago
e367213 : BatteryMeterDrawable:Make it more theme friendly <ezio84> 2 weeks ago
ed97691 : BatteryMeterDrawable:Sync with upstream <Varun Date> 3 weeks ago
d2a5ea8 : SystemUI: Reroute Battery QS Tile tint back to original color <Abdulwahab Isam> 10 months ago
76a94a9 : BatteryTile: make the icon apply <ezio84> 3 months ago
df81d5c : Allow to set a different battery style for tile and statusbar [1/2] <ezio84> 4 months ago
267c0f5 : Change some Defaults <ezio84> 4 months ago
824f83b : BatteryMeterDrawable: Add Missing Pulgged In Intialization <Varun Date> 5 months ago
cfb9abc : Solid battery: Bring back pulsing animation <Willi Ye> 1 year, 1 month ago
fa61386 : Statusbar: correctly align status bar icons <Simao Gomes Viana> 8 months ago
92ede1e : Battery icon: fix getDrawable for new Android API <ezio84> 6 months ago
757c688 : Base: Fix battery styles <westcripp> 6 months ago
4d80a4c : Change some Defaults <Varun Date> 6 months ago
cc3f12c : Fwb: Port PA battery circle style <Willi Ye> 7 months ago
b80a418 : Add large battery percentage and also the switch for it. (#159) <Shaun Eaton> 7 months ago
c8130a9 : Battery icon: allow to set a custom charging color [1/2] <Ezio Lacandia Bijelkic> 7 months ago
d317b94 : Add back sync battery tile icon with statusbar <tsubus> 8 months ago
6ca0137 : SystemUI : Update cm battery styles and clean ups <westcripp> 1 year, 2 months ago
bc0f886 : Battery tile: allow to disable custom battery style [1/2] <Ezio Lacandia Bijelkic> 7 months ago
47f08fd : Fix Battery Meter Style Resetting on Boot <ZION959> 3 hours ago
b71ebb1 : Battery icon: let disable force text outside icon when charging [1/2] <Ezio Lacandia Bijelkic> 7 months ago
3a6fe05 : Battery icon: allow to set a custom charging color [1/2] <Ezio Lacandia Bijelkic> 7 months ago
8af77c5 : revert: trlte: switch to TimeKeep <ZION959> 4 hours ago
 
